[2023-10-06T00:56:54Z] Started EB User Data
+ SLEEP_TIME=2
+ SLEEP_TIME_MAX=3600
+ true
+ curl https://elasticbeanstalk-platform-assets-us-west-2.s3.us-west-2.amazonaws.com/stalks/eb_python311_amazon_linux_2023_1.0.389.0_20230828161710/lib/UserDataScript.sh
  % Total    % Received % Xferd  Average Speed   Time    Time     Time  Current
                                 Dload  Upload   Total   Spent    Left  Speed
  0     0    0     0    0     0      0      0 --:--:-- --:--:-- --:--:--     0100  4627  100  4627    0     0  27551      0 --:--:-- --:--:-- --:--:-- 27706
+ RESULT=0
+ [[ 0 -ne 0 ]]
+ /bin/bash /tmp/ebbootstrap.sh 'https://cloudformation-waitcondition-us-west-2.s3-us-west-2.amazonaws.com/arn%3Aaws%3Acloudformation%3Aus-west-2%3A623285752572%3Astack/awseb-e-xwsrdmf62s-stack/23a97c20-63e3-11ee-9695-0a1486d9353d/AWSEBInstanceLaunchWaitHandle?X-Amz-Algorithm=AWS4-HMAC-SHA256&X-Amz-Date=20231006T005614Z&X-Amz-SignedHeaders=host&X-Amz-Expires=86399&X-Amz-Credential=AKIAJBJSWSW6NLR67N6A%2F20231006%2Fus-west-2%2Fs3%2Faws4_request&X-Amz-Signature=ef8f89f31050fbc98f514b3eea1f4f42cf0ef074f582a3a642756bb4e31b6a7e' arn:aws:cloudformation:us-west-2:623285752572:stack/awseb-e-xwsrdmf62s-stack/23a97c20-63e3-11ee-9695-0a1486d9353d e6f94472-afa3-421e-9d2c-990e7fe36986 https://elasticbeanstalk-health.us-west-2.amazonaws.com '' https://elasticbeanstalk-platform-assets-us-west-2.s3.us-west-2.amazonaws.com/stalks/eb_python311_amazon_linux_2023_1.0.389.0_20230828161710 us-west-2
[2023-10-06T00:56:54.667Z] Started EB Bootstrapping Script.
[2023-10-06T00:56:54.673Z] Received parameters:
 TARBALLS = 
 EB_GEMS = 
 SIGNAL_URL = https://cloudformation-waitcondition-us-west-2.s3-us-west-2.amazonaws.com/arn%3Aaws%3Acloudformation%3Aus-west-2%3A623285752572%3Astack/awseb-e-xwsrdmf62s-stack/23a97c20-63e3-11ee-9695-0a1486d9353d/AWSEBInstanceLaunchWaitHandle?X-Amz-Algorithm=AWS4-HMAC-SHA256&X-Amz-Date=20231006T005614Z&X-Amz-SignedHeaders=host&X-Amz-Expires=86399&X-Amz-Credential=AKIAJBJSWSW6NLR67N6A%2F20231006%2Fus-west-2%2Fs3%2Faws4_request&X-Amz-Signature=ef8f89f31050fbc98f514b3eea1f4f42cf0ef074f582a3a642756bb4e31b6a7e
 STACK_ID = arn:aws:cloudformation:us-west-2:623285752572:stack/awseb-e-xwsrdmf62s-stack/23a97c20-63e3-11ee-9695-0a1486d9353d
 REGION = us-west-2
 GUID = 
 HEALTHD_GROUP_ID = e6f94472-afa3-421e-9d2c-990e7fe36986
 HEALTHD_ENDPOINT = https://elasticbeanstalk-health.us-west-2.amazonaws.com
 PROXY_SERVER = 
 HEALTHD_PROXY_LOG_LOCATION = 
 PLATFORM_ASSETS_URL = https://elasticbeanstalk-platform-assets-us-west-2.s3.us-west-2.amazonaws.com/stalks/eb_python311_amazon_linux_2023_1.0.389.0_20230828161710
[2023-10-06T00:56:54.703Z] engine url is set to https://elasticbeanstalk-platform-assets-us-west-2.s3.us-west-2.amazonaws.com/stalks/eb_python311_amazon_linux_2023_1.0.389.0_20230828161710/lib/platform-engine.zip
[2023-10-06T00:56:54.706Z] first init of instance.
[2023-10-06T00:56:54.710Z] Started executing cfn_init _OnInstanceBoot.
[2023-10-06T00:56:54.715Z] Running cfn-init ConfigSet: _OnInstanceBoot.
[2023-10-06T00:56:54.726Z] Using stack-id from userdata
[2023-10-06T00:56:56.802Z] Command Returned: 
[2023-10-06T00:56:56.805Z] Completed executing cfn_init.
[2023-10-06T00:56:56.810Z] finished _OnInstanceBoot
--2023-10-06 00:56:56--  https://elasticbeanstalk-platform-assets-us-west-2.s3.us-west-2.amazonaws.com/stalks/eb_python311_amazon_linux_2023_1.0.389.0_20230828161710/lib/platform-engine.zip
Resolving elasticbeanstalk-platform-assets-us-west-2.s3.us-west-2.amazonaws.com (elasticbeanstalk-platform-assets-us-west-2.s3.us-west-2.amazonaws.com)... 52.92.224.42, 52.218.246.121, 3.5.84.186, ...
Connecting to elasticbeanstalk-platform-assets-us-west-2.s3.us-west-2.amazonaws.com (elasticbeanstalk-platform-assets-us-west-2.s3.us-west-2.amazonaws.com)|52.92.224.42|:443... connected.
HTTP request sent, awaiting response... 200 OK
Length: 18933934 (18M) [application/zip]
Saving to: ‘/tmp/platform-engine.zip’

     0K .......... .......... .......... .......... ..........  0% 12.7M 1s
    50K .......... .......... .......... .......... ..........  0% 27.4M 1s
   100K .......... .......... .......... .......... ..........  0% 26.6M 1s
   150K .......... .......... .......... .......... ..........  1% 29.4M 1s
   200K .......... .......... .......... .......... ..........  1% 27.5M 1s
   250K .......... .......... .......... .......... ..........  1% 26.4M 1s
   300K .......... .......... .......... .......... ..........  1% 16.0M 1s
   350K .......... .......... .......... .......... ..........  2% 18.5M 1s
   400K .......... .......... .......... .......... ..........  2% 2.96M 1s
   450K .......... .......... .......... .......... ..........  2% 18.9M 1s
   500K .......... .......... .......... .......... ..........  2% 19.1M 1s
   550K .......... .......... .......... .......... ..........  3% 17.8M 1s
   600K .......... .......... .......... .......... ..........  3% 19.9M 1s
   650K .......... .......... .......... .......... ..........  3% 19.0M 1s
   700K .......... .......... .......... .......... ..........  4% 24.2M 1s
   750K .......... .......... .......... .......... ..........  4%  261M 1s
   800K .......... .......... .......... .......... ..........  4%  264M 1s
   850K .......... .......... .......... .......... ..........  4%  191M 1s
   900K .......... .......... .......... .......... ..........  5%  134M 1s
   950K .......... .......... .......... .......... ..........  5%  234M 1s
  1000K .......... .......... .......... .......... ..........  5% 3.61M 1s
  1050K .......... .......... .......... .......... ..........  5% 11.1M 1s
  1100K .......... .......... .......... .......... ..........  6% 16.4M 1s
  1150K .......... .......... .......... .......... ..........  6% 20.1M 1s
  1200K .......... .......... .......... .......... ..........  6%  266M 1s
  1250K .......... .......... .......... .......... ..........  7%  208M 1s
  1300K .......... .......... .......... .......... ..........  7%  294M 1s
  1350K .......... .......... .......... .......... ..........  7%  287M 1s
  1400K .......... .......... .......... .......... ..........  7%  310M 1s
  1450K .......... .......... .......... .......... ..........  8%  238M 1s
  1500K .......... .......... .......... .......... ..........  8%  281M 1s
  1550K .......... .......... .......... .......... ..........  8%  282M 1s
  1600K .......... .......... .......... .......... ..........  8%  274M 1s
  1650K .......... .......... .......... .......... ..........  9%  268M 1s
  1700K .......... .......... .......... .......... ..........  9%  277M 1s
  1750K .......... .......... .......... .......... ..........  9%  276M 1s
  1800K .......... .......... .......... .......... .......... 10%  299M 1s
  1850K .......... .......... .......... .......... .......... 10%  304M 1s
  1900K .......... .......... .......... .......... .......... 10%  261M 1s
  1950K .......... .......... .......... .......... .......... 10%  270M 1s
  2000K .......... .......... .......... .......... .......... 11%  220M 1s
  2050K .......... .......... .......... .......... .......... 11%  272M 1s
  2100K .......... .......... .......... .......... .......... 11%  294M 1s
  2150K .......... .......... .......... .......... .......... 11%  292M 1s
  2200K .......... .......... .......... .......... .......... 12%  276M 1s
  2250K .......... .......... .......... .......... .......... 12%  311M 1s
  2300K .......... .......... .......... .......... .......... 12%  259M 1s
  2350K .......... .......... .......... .......... .......... 12%  266M 1s
  2400K .......... .......... .......... .......... .......... 13%  281M 1s
  2450K .......... .......... .......... .......... .......... 13%  279M 1s
  2500K .......... .......... .......... .......... .......... 13%  290M 0s
  2550K .......... .......... .......... .......... .......... 14%  249M 0s
  2600K .......... .......... .......... .......... .......... 14%  283M 0s
  2650K .......... .......... .......... .......... .......... 14% 10.5M 0s
  2700K .......... .......... .......... .......... .......... 14%  258M 0s
  2750K .......... .......... .......... .......... .......... 15%  277M 0s
  2800K .......... .......... .......... .......... .......... 15%  190M 0s
  2850K .......... .......... .......... .......... .......... 15%  277M 0s
  2900K .......... .......... .......... .......... .......... 15%  252M 0s
  2950K .......... .......... .......... .......... .......... 16%  292M 0s
  3000K .......... .......... .......... .......... .......... 16%  307M 0s
  3050K .......... .......... .......... .......... .......... 16%  297M 0s
  3100K .......... .......... .......... .......... .......... 17%  332M 0s
  3150K .......... .......... .......... .......... .......... 17%  310M 0s
  3200K .......... .......... .......... .......... .......... 17%  282M 0s
  3250K .......... .......... .......... .......... .......... 17%  304M 0s
  3300K .......... .......... .......... .......... .......... 18%  291M 0s
  3350K .......... .......... .......... .......... .......... 18%  302M 0s
  3400K .......... .......... .......... .......... .......... 18% 60.6M 0s
  3450K .......... .......... .......... .......... .......... 18%  281M 0s
  3500K .......... .......... .......... .......... .......... 19%  334M 0s
  3550K .......... .......... .......... .......... .......... 19%  322M 0s
  3600K .......... .......... .......... .......... .......... 19%  297M 0s
  3650K .......... .......... .......... .......... .......... 20%  206M 0s
  3700K .......... .......... .......... .......... .......... 20%  236M 0s
  3750K .......... .......... .......... .......... .......... 20%  132M 0s
  3800K .......... .......... .......... .......... .......... 20%  264M 0s
  3850K .......... .......... .......... .......... .......... 21%  293M 0s
  3900K .......... .......... .......... .......... .......... 21%  287M 0s
  3950K .......... .......... .......... .......... .......... 21%  332M 0s
  4000K .......... .......... .......... .......... .......... 21%  279M 0s
  4050K .......... .......... .......... .......... .......... 22%  279M 0s
  4100K .......... .......... .......... .......... .......... 22%  283M 0s
  4150K .......... .......... .......... .......... .......... 22%  290M 0s
  4200K .......... .......... .......... .......... .......... 22%  287M 0s
  4250K .......... .......... .......... .......... .......... 23%  270M 0s
  4300K .......... .......... .......... .......... .......... 23%  278M 0s
  4350K .......... .......... .......... .......... .......... 23%  327M 0s
  4400K .......... .......... .......... .......... .......... 24%  314M 0s
  4450K .......... .......... .......... .......... .......... 24%  281M 0s
  4500K .......... .......... .......... .......... .......... 24%  228M 0s
  4550K .......... .......... .......... .......... .......... 24%  278M 0s
  4600K .......... .......... .......... .......... .......... 25%  274M 0s
  4650K .......... .......... .......... .......... .......... 25%  270M 0s
  4700K .......... .......... .......... .......... .......... 25%  282M 0s
  4750K .......... .......... .......... .......... .......... 25%  284M 0s
  4800K .......... .......... .......... .......... .......... 26%  220M 0s
  4850K .......... .......... .......... .......... .......... 26%  274M 0s
  4900K .......... .......... .......... .......... .......... 26%  284M 0s
  4950K .......... .......... .......... .......... .......... 27%  303M 0s
  5000K .......... .......... .......... .......... .......... 27%  287M 0s
  5050K .......... .......... .......... .......... .......... 27%  285M 0s
  5100K .......... .......... .......... .......... .......... 27%  283M 0s
  5150K .......... .......... .......... .......... .......... 28%  299M 0s
  5200K .......... .......... .......... .......... .......... 28%  314M 0s
  5250K .......... .......... .......... .......... .......... 28%  277M 0s
  5300K .......... .......... .......... .......... .......... 28% 8.66M 0s
  5350K .......... .......... .......... .......... .......... 29% 79.5M 0s
  5400K .......... .......... .......... .......... .......... 29% 64.0M 0s
  5450K .......... .......... .......... .......... .......... 29% 79.2M 0s
  5500K .......... .......... .......... .......... .......... 30% 79.6M 0s
  5550K .......... .......... .......... .......... .......... 30% 78.7M 0s
  5600K .......... .......... .......... .......... .......... 30% 77.1M 0s
  5650K .......... .......... .......... .......... .......... 30% 5.82M 0s
  5700K .......... .......... .......... .......... .......... 31% 3.85M 0s
  5750K .......... .......... .......... .......... .......... 31% 78.7M 0s
  5800K .......... .......... .......... .......... .......... 31% 80.5M 0s
  5850K .......... .......... .......... .......... .......... 31% 81.2M 0s
  5900K .......... .......... .......... .......... .......... 32% 79.2M 0s
  5950K .......... .......... .......... .......... .......... 32% 77.1M 0s
  6000K .......... .......... .......... .......... .......... 32% 80.4M 0s
  6050K .......... .......... .......... .......... .......... 32% 82.6M 0s
  6100K .......... .......... .......... .......... .......... 33% 91.7M 0s
  6150K .......... .......... .......... .......... .......... 33% 80.3M 0s
  6200K .......... .......... .......... .......... .......... 33% 81.2M 0s
  6250K .......... .......... .......... .......... .......... 34% 60.9M 0s
  6300K .......... .......... .......... .......... .......... 34% 77.8M 0s
  6350K .......... .......... .......... .......... .......... 34% 80.4M 0s
  6400K .......... .......... .......... .......... .......... 34% 79.8M 0s
  6450K .......... .......... .......... .......... .......... 35% 74.2M 0s
  6500K .......... .......... .......... .......... .......... 35% 69.2M 0s
  6550K .......... .......... .......... .......... .......... 35% 66.6M 0s
  6600K .......... .......... .......... .......... .......... 35% 78.0M 0s
  6650K .......... .......... .......... .......... .......... 36% 76.1M 0s
  6700K .......... .......... .......... .......... .......... 36% 80.0M 0s
  6750K .......... .......... .......... .......... .......... 36% 79.8M 0s
  6800K .......... .......... .......... .......... .......... 37% 65.9M 0s
  6850K .......... .......... .......... .......... .......... 37% 71.6M 0s
  6900K .......... .......... .......... .......... .......... 37% 80.5M 0s
  6950K .......... .......... .......... .......... .......... 37% 3.20M 0s
  7000K .......... .......... .......... .......... .......... 38% 78.1M 0s
  7050K .......... .......... .......... .......... .......... 38% 80.6M 0s
  7100K .......... .......... .......... .......... .......... 38% 81.0M 0s
  7150K .......... .......... .......... .......... .......... 38% 78.3M 0s
  7200K .......... .......... .......... .......... .......... 39% 79.7M 0s
  7250K .......... .......... .......... .......... .......... 39% 78.4M 0s
  7300K .......... .......... .......... .......... .......... 39% 76.6M 0s
  7350K .......... .......... .......... .......... .......... 40% 90.9M 0s
  7400K .......... .......... .......... .......... .......... 40% 81.5M 0s
  7450K .......... .......... .......... .......... .......... 40% 81.5M 0s
  7500K .......... .......... .......... .......... .......... 40% 82.5M 0s
  7550K .......... .......... .......... .......... .......... 41% 78.9M 0s
  7600K .......... .......... .......... .......... .......... 41% 80.0M 0s
  7650K .......... .......... .......... .......... .......... 41% 79.4M 0s
  7700K .......... .......... .......... .......... .......... 41% 74.6M 0s
  7750K .......... .......... .......... .......... .......... 42% 85.5M 0s
  7800K .......... .......... .......... .......... .......... 42% 96.6M 0s
  7850K .......... .......... .......... .......... .......... 42% 79.6M 0s
  7900K .......... .......... .......... .......... .......... 42% 81.8M 0s
  7950K .......... .......... .......... .......... .......... 43% 78.4M 0s
  8000K .......... .......... .......... .......... .......... 43% 79.7M 0s
  8050K .......... .......... .......... .......... .......... 43% 79.3M 0s
  8100K .......... .......... .......... .......... .......... 44% 83.4M 0s
  8150K .......... .......... .......... .......... .......... 44% 81.6M 0s
  8200K .......... .......... .......... .......... .......... 44% 76.6M 0s
  8250K .......... .......... .......... .......... .......... 44% 83.1M 0s
  8300K .......... .......... .......... .......... .......... 45% 78.6M 0s
  8350K .......... .......... .......... .......... .......... 45% 81.8M 0s
  8400K .......... .......... .......... .......... .......... 45% 76.8M 0s
  8450K .......... .......... .......... .......... .......... 45% 81.9M 0s
  8500K .......... .......... .......... .......... .......... 46% 83.3M 0s
  8550K .......... .......... .......... .......... .......... 46% 4.51M 0s
  8600K .......... .......... .......... .......... .......... 46% 70.3M 0s
  8650K .......... .......... .......... .......... .......... 47% 84.7M 0s
  8700K .......... .......... .......... .......... .......... 47% 76.2M 0s
  8750K .......... .......... .......... .......... .......... 47% 73.7M 0s
  8800K .......... .......... .......... .......... .......... 47% 73.1M 0s
  8850K .......... .......... .......... .......... .......... 48% 70.9M 0s
  8900K .......... .......... .......... .......... .......... 48% 52.2M 0s
  8950K .......... .......... .......... .......... .......... 48% 79.1M 0s
  9000K .......... .......... .......... .......... .......... 48% 64.3M 0s
  9050K .......... .......... .......... .......... .......... 49% 86.0M 0s
  9100K .......... .......... .......... .......... .......... 49% 80.7M 0s
  9150K .......... .......... .......... .......... .......... 49% 81.3M 0s
  9200K .......... .......... .......... .......... .......... 50% 76.9M 0s
  9250K .......... .......... .......... .......... .......... 50% 83.4M 0s
  9300K .......... .......... .......... .......... .......... 50% 72.3M 0s
  9350K .......... .......... .......... .......... .......... 50% 78.6M 0s
  9400K .......... .......... .......... .......... .......... 51% 79.9M 0s
  9450K .......... .......... .......... .......... .......... 51% 83.2M 0s
  9500K .......... .......... .......... .......... .......... 51% 95.5M 0s
  9550K .......... .......... .......... .......... .......... 51% 6.44M 0s
  9600K .......... .......... .......... .......... .......... 52% 77.1M 0s
  9650K .......... .......... .......... .......... .......... 52% 45.7M 0s
  9700K .......... .......... .......... .......... .......... 52% 79.2M 0s
  9750K .......... .......... .......... .......... .......... 53% 74.8M 0s
  9800K .......... .......... .......... .......... .......... 53% 76.1M 0s
  9850K .......... .......... .......... .......... .......... 53% 66.9M 0s
  9900K .......... .......... .......... .......... .......... 53% 89.0M 0s
  9950K .......... .......... .......... .......... .......... 54% 78.5M 0s
 10000K .......... .......... .......... .......... .......... 54% 71.1M 0s
 10050K .......... .......... .......... .......... .......... 54% 67.4M 0s
 10100K .......... .......... .......... .......... .......... 54% 14.7M 0s
 10150K .......... .......... .......... .......... .......... 55% 77.9M 0s
 10200K .......... .......... .......... .......... .......... 55% 79.8M 0s
 10250K .......... .......... .......... .......... .......... 55% 64.7M 0s
 10300K .......... .......... .......... .......... .......... 55% 82.8M 0s
 10350K .......... .......... .......... .......... .......... 56% 7.29M 0s
 10400K .......... .......... .......... .......... .......... 56% 73.0M 0s
 10450K .......... .......... .......... .......... .......... 56% 81.8M 0s
 10500K .......... .......... .......... .......... .......... 57% 82.3M 0s
 10550K .......... .......... .......... .......... .......... 57% 66.4M 0s
 10600K .......... .......... .......... .......... .......... 57% 58.3M 0s
 10650K .......... .......... .......... .......... .......... 57% 54.5M 0s
 10700K .......... .......... .......... .......... .......... 58% 74.8M 0s
 10750K .......... .......... .......... .......... .......... 58% 86.3M 0s
 10800K .......... .......... .......... .......... .......... 58% 76.9M 0s
 10850K .......... .......... .......... .......... .......... 58% 6.36M 0s
 10900K .......... .......... .......... .......... .......... 59% 78.7M 0s
 10950K .......... .......... .......... .......... .......... 59% 69.3M 0s
 11000K .......... .......... .......... .......... .......... 59% 24.2M 0s
 11050K .......... .......... .......... .......... .......... 60% 52.2M 0s
 11100K .......... .......... .......... .......... .......... 60% 3.71M 0s
 11150K .......... .......... .......... .......... .......... 60% 73.6M 0s
 11200K .......... .......... .......... .......... .......... 60% 47.9M 0s
 11250K .......... .......... .......... .......... .......... 61% 75.4M 0s
 11300K .......... .......... .......... .......... .......... 61% 77.1M 0s
 11350K .......... .......... .......... .......... .......... 61% 82.7M 0s
 11400K .......... .......... .......... .......... .......... 61% 77.2M 0s
 11450K .......... .......... .......... .......... .......... 62% 80.4M 0s
 11500K .......... .......... .......... .......... .......... 62% 78.1M 0s
 11550K .......... .......... .......... .......... .......... 62% 69.4M 0s
 11600K .......... .......... .......... .......... .......... 63% 85.5M 0s
 11650K .......... .......... .......... .......... .......... 63% 88.4M 0s
 11700K .......... .......... .......... .......... .......... 63%  258M 0s
 11750K .......... .......... .......... .......... .......... 63%  282M 0s
 11800K .......... .......... .......... .......... .......... 64%  355M 0s
 11850K .......... .......... .......... .......... .......... 64%  290M 0s
 11900K .......... .......... .......... .......... .......... 64%  332M 0s
 11950K .......... .......... .......... .......... .......... 64%  314M 0s
 12000K .......... .......... .......... .......... .......... 65%  345M 0s
 12050K .......... .......... .......... .......... .......... 65%  346M 0s
 12100K .......... .......... .......... .......... .......... 65%  323M 0s
 12150K .......... .......... .......... .......... .......... 65%  101M 0s
 12200K .......... .......... .......... .......... .......... 66% 88.1M 0s
 12250K .......... .......... .......... .......... .......... 66% 88.6M 0s
 12300K .......... .......... .......... .......... .......... 66% 83.6M 0s
 12350K .......... .......... .......... .......... .......... 67% 75.0M 0s
 12400K .......... .......... .......... .......... .......... 67% 6.42M 0s
 12450K .......... .......... .......... .......... .......... 67% 74.2M 0s
 12500K .......... .......... .......... .......... .......... 67% 82.7M 0s
 12550K .......... .......... .......... .......... .......... 68% 74.3M 0s
 12600K .......... .......... .......... .......... .......... 68% 67.3M 0s
 12650K .......... .......... .......... .......... .......... 68% 87.0M 0s
 12700K .......... .......... .......... .......... .......... 68% 84.2M 0s
 12750K .......... .......... .......... .......... .......... 69% 75.4M 0s
 12800K .......... .......... .......... .......... .......... 69% 84.4M 0s
 12850K .......... .......... .......... .......... .......... 69% 87.7M 0s
 12900K .......... .......... .......... .......... .......... 70% 88.0M 0s
 12950K .......... .......... .......... .......... .......... 70% 70.2M 0s
 13000K .......... .......... .......... .......... .......... 70% 84.3M 0s
 13050K .......... .......... .......... .......... .......... 70% 85.8M 0s
 13100K .......... .......... .......... .......... .......... 71% 87.7M 0s
 13150K .......... .......... .......... .......... .......... 71% 4.25M 0s
 13200K .......... .......... .......... .......... .......... 71% 50.5M 0s
 13250K .......... .......... .......... .......... .......... 71% 77.7M 0s
 13300K .......... .......... .......... .......... .......... 72% 82.8M 0s
 13350K .......... .......... .......... .......... .......... 72% 72.7M 0s
 13400K .......... .......... .......... .......... .......... 72% 86.5M 0s
 13450K .......... .......... .......... .......... .......... 73% 87.3M 0s
 13500K .......... .......... .......... .......... .......... 73% 86.9M 0s
 13550K .......... .......... .......... .......... .......... 73% 71.6M 0s
 13600K .......... .......... .......... .......... .......... 73% 78.2M 0s
 13650K .......... .......... .......... .......... .......... 74% 83.6M 0s
 13700K .......... .......... .......... .......... .......... 74%  244M 0s
 13750K .......... .......... .......... .......... .......... 74%  272M 0s
 13800K .......... .......... .......... .......... .......... 74%  334M 0s
 13850K .......... .......... .......... .......... .......... 75%  338M 0s
 13900K .......... .......... .......... .......... .......... 75%  341M 0s
 13950K .......... .......... .......... .......... .......... 75%  292M 0s
 14000K .......... .......... .......... .......... .......... 75%  318M 0s
 14050K .......... .......... .......... .......... .......... 76%  345M 0s
 14100K .......... .......... .......... .......... .......... 76%  333M 0s
 14150K .......... .......... .......... .......... .......... 76%  271M 0s
 14200K .......... .......... .......... .......... .......... 77%  336M 0s
 14250K .......... .......... .......... .......... .......... 77%  342M 0s
 14300K .......... .......... .......... .......... .......... 77%  344M 0s
 14350K .......... .......... .......... .......... .......... 77%  301M 0s
 14400K .......... .......... .......... .......... .......... 78%  261M 0s
 14450K .......... .......... .......... .......... .......... 78%  325M 0s
 14500K .......... .......... .......... .......... .......... 78%  314M 0s
 14550K .......... .......... .......... .......... .......... 78%  274M 0s
 14600K .......... .......... .......... .......... .......... 79%  326M 0s
 14650K .......... .......... .......... .......... .......... 79% 4.75M 0s
 14700K .......... .......... .......... .......... .......... 79% 41.1M 0s
 14750K .......... .......... .......... .......... .......... 80% 77.5M 0s
 14800K .......... .......... .......... .......... .......... 80% 88.0M 0s
 14850K .......... .......... .......... .......... .......... 80% 88.5M 0s
 14900K .......... .......... .......... .......... .......... 80% 86.3M 0s
 14950K .......... .......... .......... .......... .......... 81% 72.9M 0s
 15000K .......... .......... .......... .......... .......... 81% 91.5M 0s
 15050K .......... .......... .......... .......... .......... 81% 86.2M 0s
 15100K .......... .......... .......... .......... .......... 81% 87.6M 0s
 15150K .......... .......... .......... .......... .......... 82% 74.7M 0s
 15200K .......... .......... .......... .......... .......... 82% 87.5M 0s
 15250K .......... .......... .......... .......... .......... 82% 89.4M 0s
 15300K .......... .......... .......... .......... .......... 83% 87.7M 0s
 15350K .......... .......... .......... .......... .......... 83% 69.8M 0s
 15400K .......... .......... .......... .......... .......... 83% 84.3M 0s
 15450K .......... .......... .......... .......... .......... 83% 4.57M 0s
 15500K .......... .......... .......... .......... .......... 84% 84.7M 0s
 15550K .......... .......... .......... .......... .......... 84% 74.2M 0s
 15600K .......... .......... .......... .......... .......... 84% 78.2M 0s
 15650K .......... .......... .......... .......... .......... 84% 87.3M 0s
 15700K .......... .......... .......... .......... .......... 85% 88.7M 0s
 15750K .......... .......... .......... .......... .......... 85% 46.6M 0s
 15800K .......... .......... .......... .......... .......... 85% 56.7M 0s
 15850K .......... .......... .......... .......... .......... 85% 49.9M 0s
 15900K .......... .......... .......... .......... .......... 86% 53.8M 0s
 15950K .......... .......... .......... .......... .......... 86% 50.3M 0s
 16000K .......... .......... .......... .......... .......... 86% 72.6M 0s
 16050K .......... .......... .......... .......... .......... 87% 87.7M 0s
 16100K .......... .......... .......... .......... .......... 87% 45.2M 0s
 16150K .......... .......... .......... .......... .......... 87% 74.5M 0s
 16200K .......... .......... .......... .......... .......... 87% 80.4M 0s
 16250K .......... .......... .......... .......... .......... 88% 86.4M 0s
 16300K .......... .......... .......... .......... .......... 88% 87.4M 0s
 16350K .......... .......... .......... .......... .......... 88% 73.4M 0s
 16400K .......... .......... .......... .......... .......... 88% 84.8M 0s
 16450K .......... .......... .......... .......... .......... 89% 76.2M 0s
 16500K .......... .......... .......... .......... .......... 89% 85.9M 0s
 16550K .......... .......... .......... .......... .......... 89% 3.15M 0s
 16600K .......... .......... .......... .......... .......... 90% 72.3M 0s
 16650K .......... .......... .......... .......... .......... 90% 86.3M 0s
 16700K .......... .......... .......... .......... .......... 90% 87.1M 0s
 16750K .......... .......... .......... .......... .......... 90% 77.7M 0s
 16800K .......... .......... .......... .......... .......... 91% 74.8M 0s
 16850K .......... .......... .......... .......... .......... 91% 65.9M 0s
 16900K .......... .......... .......... .......... .......... 91% 87.1M 0s
 16950K .......... .......... .......... .......... .......... 91% 74.1M 0s
 17000K .......... .......... .......... .......... .......... 92% 88.2M 0s
 17050K .......... .......... .......... .......... .......... 92% 88.5M 0s
 17100K .......... .......... .......... .......... .......... 92% 83.5M 0s
 17150K .......... .......... .......... .......... .......... 93% 75.6M 0s
 17200K .......... .......... .......... .......... .......... 93% 84.9M 0s
 17250K .......... .......... .......... .......... .......... 93% 84.3M 0s
 17300K .......... .......... .......... .......... .......... 93% 87.8M 0s
 17350K .......... .......... .......... .......... .......... 94% 40.6M 0s
 17400K .......... .......... .......... .......... .......... 94% 81.5M 0s
 17450K .......... .......... .......... .......... .......... 94% 88.4M 0s
 17500K .......... .......... .......... .......... .......... 94% 88.1M 0s
 17550K .......... .......... .......... .......... .......... 95% 50.3M 0s
 17600K .......... .......... .......... .......... .......... 95% 89.4M 0s
 17650K .......... .......... .......... .......... .......... 95% 87.1M 0s
 17700K .......... .......... .......... .......... .......... 95% 80.7M 0s
 17750K .......... .......... .......... .......... .......... 96% 74.6M 0s
 17800K .......... .......... .......... .......... .......... 96% 88.5M 0s
 17850K .......... .......... .......... .......... .......... 96% 87.6M 0s
 17900K .......... .......... .......... .......... .......... 97% 92.4M 0s
 17950K .......... .......... .......... .......... .......... 97%  276M 0s
 18000K .......... .......... .......... .......... .......... 97%  305M 0s
 18050K .......... .......... .......... .......... .......... 97%  352M 0s
 18100K .......... .......... .......... .......... .......... 98%  350M 0s
 18150K .......... .......... .......... .......... .......... 98%  283M 0s
 18200K .......... .......... .......... .......... .......... 98%  330M 0s
 18250K .......... .......... .......... .......... .......... 98%  322M 0s
 18300K .......... .......... .......... .......... .......... 99%  367M 0s
 18350K .......... .......... .......... .......... .......... 99%  318M 0s
 18400K .......... .......... .......... .......... .......... 99%  361M 0s
 18450K .......... .......... .......... ..........           100%  257M=0.4s

2023-10-06 00:56:57 (47.1 MB/s) - ‘/tmp/platform-engine.zip’ saved [18933934/18933934]

Archive:  /tmp/platform-engine.zip
  inflating: /opt/elasticbeanstalk/bin/platform-engine  
  inflating: /opt/elasticbeanstalk/bin/publishlogs  
  inflating: /opt/elasticbeanstalk/bin/get-config  
  inflating: /opt/elasticbeanstalk/config/private/aws-eb-command-handler.conf  
  inflating: /opt/elasticbeanstalk/config/private/cfn-hup-wrapper  
  inflating: /opt/elasticbeanstalk/config/private/cfn-hup.conf.template  
  inflating: /opt/elasticbeanstalk/config/private/containercommandsupport/container-defaults.sh  
  inflating: /opt/elasticbeanstalk/config/private/containercommandsupport/leader-test.sh  
  inflating: /opt/elasticbeanstalk/config/private/eb-banner.template  
  inflating: /opt/elasticbeanstalk/config/private/guidlocking/repo.py  
  inflating: /opt/elasticbeanstalk/config/private/healthd/config.yaml.template  
  inflating: /opt/elasticbeanstalk/config/private/healthd/healthd_httpd.conf  
  inflating: /opt/elasticbeanstalk/config/private/healthd/healthd_logformat.conf  
  inflating: /opt/elasticbeanstalk/config/private/healthd/healthd_nginx.conf  
  inflating: /opt/elasticbeanstalk/config/private/healthd/logcleanup-cron.template  
  inflating: /opt/elasticbeanstalk/config/private/healthd/healthddependency  
  inflating: /opt/elasticbeanstalk/config/private/httpd/applicationport.conf.template  
  inflating: /opt/elasticbeanstalk/config/private/httpd/gzip.conf  
  inflating: /opt/elasticbeanstalk/config/private/httpd/staticfilesmapping.conf.template  
  inflating: /opt/elasticbeanstalk/config/private/httpd/httpd.conf.template  
  inflating: /opt/elasticbeanstalk/config/private/logrotate/logrotate-cron.template  
  inflating: /opt/elasticbeanstalk/config/private/logrotate/logrotate.template  
  inflating: /opt/elasticbeanstalk/config/private/logtasks/cron/publishlogs  
  inflating: /opt/elasticbeanstalk/config/private/nginx/applicationport.conf.template  
  inflating: /opt/elasticbeanstalk/config/private/nginx/nginx.conf.template  
  inflating: /opt/elasticbeanstalk/config/private/nginx/staticfilesmapping.conf.template  
  inflating: /opt/elasticbeanstalk/config/private/python/sitecustomize.py  
 extracting: /opt/elasticbeanstalk/config/private/restartcfn.sh  
  inflating: /opt/elasticbeanstalk/config/private/restartcloudwatchagent.sh  
  inflating: /opt/elasticbeanstalk/config/private/rsyslog.conf.template  
  inflating: /opt/elasticbeanstalk/config/private/ruby_common_env  
  inflating: /opt/elasticbeanstalk/config/private/sqsd/default.yaml.template  
  inflating: /opt/elasticbeanstalk/config/private/sqsd/sqsdversion.json  
  inflating: /opt/elasticbeanstalk/config/private/systemd-append.template  
 extracting: /opt/elasticbeanstalk/config/private/aws-eb.target  
  inflating: /opt/elasticbeanstalk/config/private/systemd.template  
  inflating: /opt/elasticbeanstalk/tasks/bundlelogs.d/cfn-system.conf  
 extracting: /opt/elasticbeanstalk/tasks/bundlelogs.d/cloud-init-system.conf  
  inflating: /opt/elasticbeanstalk/tasks/bundlelogs.d/eb-app.conf  
 extracting: /opt/elasticbeanstalk/tasks/bundlelogs.d/eb-hooks.conf  
  inflating: /opt/elasticbeanstalk/tasks/bundlelogs.d/eb-system.conf  
 extracting: /opt/elasticbeanstalk/tasks/bundlelogs.d/rotate.conf  
  inflating: /opt/elasticbeanstalk/tasks/bundlelogs.d/system.conf  
 extracting: /opt/elasticbeanstalk/tasks/publishlogs.d/eb-app.conf  
  inflating: /opt/elasticbeanstalk/tasks/taillogs.d/eb-app.conf  
  inflating: /opt/elasticbeanstalk/tasks/taillogs.d/eb-engine.conf  
[2023-10-06T00:57:04.824Z] Successfully bootstrapped instance.
[2023-10-06T00:57:04.829Z] Sending signal 0 to CFN wait condition https://cloudformation-waitcondition-us-west-2.s3-us-west-2.amazonaws.com/arn%3Aaws%3Acloudformation%3Aus-west-2%3A623285752572%3Astack/awseb-e-xwsrdmf62s-stack/23a97c20-63e3-11ee-9695-0a1486d9353d/AWSEBInstanceLaunchWaitHandle?X-Amz-Algorithm=AWS4-HMAC-SHA256&X-Amz-Date=20231006T005614Z&X-Amz-SignedHeaders=host&X-Amz-Expires=86399&X-Amz-Credential=AKIAJBJSWSW6NLR67N6A%2F20231006%2Fus-west-2%2Fs3%2Faws4_request&X-Amz-Signature=ef8f89f31050fbc98f514b3eea1f4f42cf0ef074f582a3a642756bb4e31b6a7e
CloudFormation signaled successfully with status SUCCESS
[2023-10-06T00:57:05.657Z] Tailing /var/log/eb-commandprocessor.log

******************* eb-commandprocessor taillog *******************
***eb-commandprocessor is not available yet.***
******************* End of taillog *******************


[2023-10-06T00:57:05.677Z] Tailing /var/log/eb-activity.log

******************* eb-activity taillog *******************
***eb-activity is not available yet.***
******************* End of taillog *******************


[2023-10-06T00:57:05.688Z] Tailing /var/log/eb-tools.log

******************* eb-tools taillog *******************
***eb-tools is not available yet.***
******************* End of taillog *******************


[2023-10-06T00:57:05.699Z] Tailing /var/log/eb-version-deployment.log

******************* eb-version-deployment taillog *******************
***eb-version-deployment is not available yet.***
******************* End of taillog *******************


[2023-10-06T00:57:05.717Z] Tailing /var/log/cfn-init.log

******************* cfn-init taillog *******************
2023-10-06 00:56:55,943 [INFO] -----------------------Starting build-----------------------
2023-10-06 00:56:55,975 [INFO] Running configSets: _OnInstanceBoot
2023-10-06 00:56:55,978 [INFO] Running configSet _OnInstanceBoot
2023-10-06 00:56:55,988 [INFO] Running config AWSEBBaseConfig
2023-10-06 00:56:56,691 [INFO] Command clearbackupfiles succeeded
2023-10-06 00:56:56,696 [INFO] Running config AWSEBCfnHupEndpointOverride
2023-10-06 00:56:56,717 [INFO] Command clearbackupfiles succeeded
2023-10-06 00:56:56,718 [INFO] ConfigSets completed
2023-10-06 00:56:56,718 [INFO] -----------------------Build complete-----------------------
******************* End of taillog *******************


[2023-10-06T00:57:05.748Z] Tailing /var/log/cfn-hup.log

******************* cfn-hup taillog *******************
2023-10-06 00:57:05,383 [DEBUG] CloudFormation client initialized with endpoint https://cloudformation.us-west-2.amazonaws.com
2023-10-06 00:57:05,384 [DEBUG] SQS client initialized with endpoint https://sqs.us-west-2.amazonaws.com
2023-10-06 00:57:05,384 [DEBUG] CloudFormation client initialized with endpoint https://cloudformation.us-west-2.amazonaws.com
2023-10-06 00:57:05,384 [DEBUG] Enabled single threading mode.
2023-10-06 00:57:05,385 [DEBUG] Creating /var/lib/cfn-hup/data
2023-10-06 00:57:05,397 [INFO] No umask value specified in config file. Using the default one: 0o22
******************* End of taillog *******************


[2023-10-06T00:57:05.777Z] Completed EB Bootstrapping Script.
+ RESULT=0
+ [[ 0 -ne 0 ]]
+ exit 0
