2023/10/06 00:56:59.339399 [INFO] Starting...
2023/10/06 00:56:59.339468 [INFO] Starting EBPlatform-PlatformEngine
2023/10/06 00:56:59.339576 [INFO] reading event message file
2023/10/06 00:56:59.344592 [INFO] Engine received EB command userdata-exec

2023/10/06 00:56:59.387879 [INFO] Running command /bin/sh -c /opt/aws/bin/cfn-get-metadata -s arn:aws:cloudformation:us-west-2:623285752572:stack/awseb-e-xwsrdmf62s-stack/23a97c20-63e3-11ee-9695-0a1486d9353d -r AWSEBAutoScalingGroup --region us-west-2
2023/10/06 00:57:00.251606 [INFO] Running command /bin/sh -c /opt/aws/bin/cfn-get-metadata -s arn:aws:cloudformation:us-west-2:623285752572:stack/awseb-e-xwsrdmf62s-stack/23a97c20-63e3-11ee-9695-0a1486d9353d -r AWSEBBeanstalkMetadata --region us-west-2
2023/10/06 00:57:01.322691 [INFO] This is a workflow controlled instance.
2023/10/06 00:57:01.322787 [INFO] Engine command: (env-launch)

2023/10/06 00:57:01.323835 [INFO] Executing instruction: SyncClock
2023/10/06 00:57:01.323841 [INFO] Starting SyncClock
2023/10/06 00:57:01.323858 [INFO] Running command /bin/sh -c /usr/bin/chronyc tracking
2023/10/06 00:57:01.342541 [INFO] Reference ID    : A9FEA97B (169.254.169.123)
Stratum         : 4
Ref time (UTC)  : Fri Oct 06 00:56:59 2023
System time     : 0.612483501 seconds slow of NTP time
Last offset     : -0.000005691 seconds
RMS offset      : 0.000005691 seconds
Frequency       : 3.207 ppm slow
Residual freq   : -2.181 ppm
Skew            : 5.417 ppm
Root delay      : 0.001983730 seconds
Root dispersion : 0.000451258 seconds
Update interval : 1.2 seconds
Leap status     : Normal

2023/10/06 00:57:01.342578 [INFO] Running command /bin/sh -c /usr/bin/chronyc -a makestep
2023/10/06 00:57:01.960335 [INFO] 200 OK

2023/10/06 00:57:01.960666 [INFO] Skipping Configure OS
2023/10/06 00:57:01.960675 [INFO] Skipping LockRepo
2023/10/06 00:57:01.960681 [INFO] Skipping GenerateEBBanner
2023/10/06 00:57:01.960690 [INFO] Skipping Install Process Manager
2023/10/06 00:57:01.960695 [INFO] Skipping install syslog
2023/10/06 00:57:01.960705 [INFO] Skipping install cron
2023/10/06 00:57:01.960711 [INFO] Skipping install proxy
2023/10/06 00:57:01.960717 [INFO] Skipping installhealthd
2023/10/06 00:57:01.960722 [INFO] Skipping Install Log Streaming Manager
2023/10/06 00:57:01.960728 [INFO] Skipping install X-Ray
2023/10/06 00:57:01.960733 [INFO] Skipping install Third Party License
2023/10/06 00:57:01.960739 [INFO] Skipping install httpd
2023/10/06 00:57:01.960746 [INFO] Instance has NOT been bootstrapped
2023/10/06 00:57:01.960750 [INFO] Executing instruction: installSqsd
2023/10/06 00:57:01.960754 [INFO] This is a web server environment instance, skip install sqsd daemon ...
2023/10/06 00:57:01.960759 [INFO] Instance has NOT been bootstrapped
2023/10/06 00:57:01.960762 [INFO] Executing instruction: bootstraphealthd
2023/10/06 00:57:01.960766 [INFO] this is an enhanced health env ...
2023/10/06 00:57:01.960781 [INFO] bootstrap healthd....
2023/10/06 00:57:01.960798 [INFO] Running command /bin/sh -c /usr/bin/id -u healthd || /usr/sbin/useradd --user-group healthd -s /sbin/nologin --create-home
2023/10/06 00:57:02.790153 [INFO] /usr/bin/id: ‘healthd’: no such user

2023/10/06 00:57:02.794703 [INFO] bootstrap healthd....
2023/10/06 00:57:02.794731 [INFO] Running command /bin/sh -c /usr/bin/id -u healthd || /usr/sbin/useradd --user-group healthd -s /sbin/nologin --create-home
2023/10/06 00:57:02.799715 [INFO] 1001

2023/10/06 00:57:02.801304 [INFO] configure bundle log for healthd...
2023/10/06 00:57:02.801397 [INFO] Executing instruction: GetSetupProxyLog
2023/10/06 00:57:02.801481 [INFO] Skipping Install yum packages
2023/10/06 00:57:02.801487 [INFO] Skipping Configure Python site-packages
2023/10/06 00:57:02.801494 [INFO] Skipping Install Python Modules
2023/10/06 00:57:02.801499 [INFO] Skipping MarkBaked
2023/10/06 00:57:02.801506 [INFO] Instance has NOT been bootstrapped
2023/10/06 00:57:02.801510 [INFO] Executing instruction: TuneSystemSettings
2023/10/06 00:57:02.801513 [INFO] Starting TuneSystemSettings
2023/10/06 00:57:02.801518 [INFO] Instance has NOT been bootstrapped
2023/10/06 00:57:02.802434 [INFO] Executing instruction: GetSetupLogRotate
2023/10/06 00:57:02.802440 [INFO] Initialize LogRotate files and directories
2023/10/06 00:57:02.828717 [INFO] Instance has NOT been bootstrapped
2023/10/06 00:57:02.828737 [INFO] Executing instruction: BootstrapCFNHup
2023/10/06 00:57:02.828740 [INFO] Bootstrap cfn-hup
2023/10/06 00:57:02.840095 [INFO] Copying file /opt/elasticbeanstalk/config/private/aws-eb-command-handler.conf to /etc/cfn/hooks.d/aws-eb-command-handler.conf
2023/10/06 00:57:02.842043 [INFO] Executing instruction: StartCFNHup
2023/10/06 00:57:02.842053 [INFO] Start cfn-hup
2023/10/06 00:57:02.842075 [INFO] Running command /bin/sh -c systemctl show -p PartOf cfn-hup.service
2023/10/06 00:57:02.876496 [INFO] cfn-hup is not registered with EB yet, registering it now
2023/10/06 00:57:02.876548 [INFO] Running command /bin/sh -c systemctl show -p PartOf cfn-hup.service
2023/10/06 00:57:02.896134 [INFO] Running command /bin/sh -c systemctl daemon-reload
2023/10/06 00:57:03.497696 [INFO] Running command /bin/sh -c systemctl reset-failed
2023/10/06 00:57:03.508053 [INFO] Running command /bin/sh -c systemctl is-enabled aws-eb.target
2023/10/06 00:57:03.519542 [INFO] Running command /bin/sh -c systemctl enable aws-eb.target
2023/10/06 00:57:04.035902 [INFO] Running command /bin/sh -c systemctl start aws-eb.target
2023/10/06 00:57:04.048753 [INFO] Running command /bin/sh -c systemctl enable cfn-hup.service
2023/10/06 00:57:04.670604 [INFO] Synchronizing state of cfn-hup.service with SysV service script with /usr/lib/systemd/systemd-sysv-install.
Executing: /usr/lib/systemd/systemd-sysv-install enable cfn-hup
Created symlink /etc/systemd/system/multi-user.target.wants/cfn-hup.service → /etc/systemd/system/cfn-hup.service.

2023/10/06 00:57:04.670640 [INFO] Running command /bin/sh -c systemctl is-active cfn-hup.service
2023/10/06 00:57:04.683257 [INFO] cfn-hup process is not running, starting it now
2023/10/06 00:57:04.683304 [INFO] Running command /bin/sh -c systemctl show -p PartOf cfn-hup.service
2023/10/06 00:57:04.712395 [INFO] Running command /bin/sh -c systemctl is-active cfn-hup.service
2023/10/06 00:57:04.727574 [INFO] Running command /bin/sh -c systemctl start cfn-hup.service
2023/10/06 00:57:04.818952 [INFO] Instance has NOT been bootstrapped
2023/10/06 00:57:04.818971 [INFO] Executing instruction: SetupPublishLogCronjob
2023/10/06 00:57:04.818975 [INFO] Setup publish logs cron job...
2023/10/06 00:57:04.818979 [INFO] Copying file /opt/elasticbeanstalk/config/private/logtasks/cron/publishlogs to /etc/cron.d/publishlogs
2023/10/06 00:57:04.820986 [INFO] Instance has NOT been bootstrapped
2023/10/06 00:57:04.820994 [INFO] Executing instruction: MarkBootstrapped
2023/10/06 00:57:04.820998 [INFO] Starting MarkBootstrapped
2023/10/06 00:57:04.821003 [INFO] Instance has NOT been bootstrapped
2023/10/06 00:57:04.821075 [INFO] Marked instance as Bootstrapped
2023/10/06 00:57:04.821079 [INFO] Executing instruction: Save CFN Stack Info
2023/10/06 00:57:04.821135 [INFO] Starting SwitchCFNStack
2023/10/06 00:57:04.821141 [INFO] Executing cleanup logic
2023/10/06 00:57:04.821149 [INFO] Platform Engine finished execution on command: env-launch

2023/10/06 00:58:34.590471 [INFO] Starting...
2023/10/06 00:58:34.590523 [INFO] Starting EBPlatform-PlatformEngine
2023/10/06 00:58:34.590543 [INFO] reading event message file
2023/10/06 00:58:34.590702 [INFO] Engine received EB command cfn-hup-exec

2023/10/06 00:58:34.678080 [INFO] Running command /bin/sh -c /opt/aws/bin/cfn-get-metadata -s arn:aws:cloudformation:us-west-2:623285752572:stack/awseb-e-xwsrdmf62s-stack/23a97c20-63e3-11ee-9695-0a1486d9353d -r AWSEBAutoScalingGroup --region us-west-2
2023/10/06 00:58:35.073227 [INFO] Running command /bin/sh -c /opt/aws/bin/cfn-get-metadata -s arn:aws:cloudformation:us-west-2:623285752572:stack/awseb-e-xwsrdmf62s-stack/23a97c20-63e3-11ee-9695-0a1486d9353d -r AWSEBBeanstalkMetadata --region us-west-2
2023/10/06 00:58:35.499355 [INFO] checking whether command app-deploy is applicable to this instance...
2023/10/06 00:58:35.499373 [INFO] this command is applicable to the instance, thus instance should execute command
2023/10/06 00:58:35.499376 [INFO] Engine command: (app-deploy)

2023/10/06 00:58:35.499379 [INFO] Downloading EB Application...
2023/10/06 00:58:35.499381 [INFO] Region: us-west-2
2023/10/06 00:58:35.499384 [INFO] envID: e-xwsrdmf62s
2023/10/06 00:58:35.499387 [INFO] envBucket: elasticbeanstalk-us-west-2-623285752572
2023/10/06 00:58:35.499390 [INFO] Using manifest file name from command request
2023/10/06 00:58:35.499402 [INFO] Unable to get version manifest file.
2023/10/06 00:58:35.499405 [INFO] Downloading latest manifest available.
2023/10/06 00:58:35.499408 [INFO] Download latest app version manifest
2023/10/06 00:58:35.499497 [INFO] resources/environments/e-xwsrdmf62s/_runtime/versions/manifest
2023/10/06 00:58:35.543649 [INFO] latestManifest key *: resources/environments/e-xwsrdmf62s/_runtime/versions/manifest_1696553769684

2023/10/06 00:58:35.543893 [INFO] Downloading: bucket: elasticbeanstalk-us-west-2-623285752572, object: /resources/environments/e-xwsrdmf62s/_runtime/versions/manifest_1696553769684
2023/10/06 00:58:35.562994 [INFO] Download successful140bytes downloaded
2023/10/06 00:58:35.563094 [INFO] Trying to read and parse version manifest...
2023/10/06 00:58:35.563202 [INFO] Downloading: bucket: elasticbeanstalk-us-west-2-623285752572, object: /resources/environments/e-xwsrdmf62s/_runtime/_versions/CheerUp/app-231005_205557322836
2023/10/06 00:58:35.575439 [INFO] Download successful3725bytes downloaded
2023/10/06 00:58:35.575819 [INFO] Executing instruction: ElectLeader
2023/10/06 00:58:35.575827 [INFO] Running leader election for instance i-02f5f4c1d71eb856a...
2023/10/06 00:58:35.575830 [INFO] Calling the cfn-elect-cmd-leader to elect the command leader.
2023/10/06 00:58:35.575845 [INFO] Running command /bin/sh -c /opt/aws/bin/cfn-elect-cmd-leader --stack arn:aws:cloudformation:us-west-2:623285752572:stack/awseb-e-xwsrdmf62s-stack/23a97c20-63e3-11ee-9695-0a1486d9353d --command-name ElasticBeanstalkCommand-AWSEBAutoScalingGroup --invocation-id 15af39fc-5f16-4651-afc1-6ca330518c82 --listener-id i-02f5f4c1d71eb856a --region us-west-2
2023/10/06 00:58:35.990914 [INFO] Instance is Leader.
2023/10/06 00:58:35.990951 [INFO] Executing instruction: stopSqsd
2023/10/06 00:58:35.990956 [INFO] This is a web server environment instance, skip stop sqsd daemon ...
2023/10/06 00:58:35.990960 [INFO] Executing instruction: PreBuildEbExtension
2023/10/06 00:58:35.990964 [INFO] Starting executing the config set Infra-EmbeddedPreBuild.
2023/10/06 00:58:35.990979 [INFO] Running command /bin/sh -c /opt/aws/bin/cfn-init -s arn:aws:cloudformation:us-west-2:623285752572:stack/awseb-e-xwsrdmf62s-stack/23a97c20-63e3-11ee-9695-0a1486d9353d -r AWSEBAutoScalingGroup --region us-west-2 --configsets Infra-EmbeddedPreBuild
2023/10/06 00:58:36.411267 [INFO] Finished executing the config set Infra-EmbeddedPreBuild.

2023/10/06 00:58:36.411296 [INFO] Executing instruction: StageApplication
2023/10/06 00:58:36.412165 [INFO] extracting /opt/elasticbeanstalk/deployment/app_source_bundle to /var/app/staging/
2023/10/06 00:58:36.412183 [INFO] Running command /bin/sh -c /usr/bin/unzip -q -o /opt/elasticbeanstalk/deployment/app_source_bundle -d /var/app/staging/
2023/10/06 00:58:36.419226 [INFO] finished extracting /opt/elasticbeanstalk/deployment/app_source_bundle to /var/app/staging/ successfully
2023/10/06 00:58:36.421602 [INFO] Executing instruction: RunAppDeployPreBuildHooks
2023/10/06 00:58:36.421671 [INFO] Executing platform hooks in .platform/hooks/prebuild/
2023/10/06 00:58:36.421685 [INFO] The dir .platform/hooks/prebuild/ does not exist
2023/10/06 00:58:36.421689 [INFO] Finished running scripts in /var/app/staging/.platform/hooks/prebuild
2023/10/06 00:58:36.421694 [INFO] Executing instruction: InstallDependency
2023/10/06 00:58:36.421699 [INFO] checking dependencies file
2023/10/06 00:58:36.421711 [INFO] No dependency file found
2023/10/06 00:58:36.421713 [INFO] Executing instruction: check Procfile
2023/10/06 00:58:36.421733 [INFO] creating default Procfile...
2023/10/06 00:58:36.421784 [INFO] Executing instruction: configure X-Ray
2023/10/06 00:58:36.421787 [INFO] X-Ray is not enabled.
2023/10/06 00:58:36.421790 [INFO] Executing instruction: configure proxy server
2023/10/06 00:58:36.428036 [INFO] Executing instruction: configure healthd specific proxy conf
2023/10/06 00:58:36.429160 [INFO] Running command /bin/sh -c systemctl show -p PartOf healthd.service
2023/10/06 00:58:36.444042 [INFO] Running command /bin/sh -c systemctl daemon-reload
2023/10/06 00:58:36.719491 [INFO] Running command /bin/sh -c systemctl reset-failed
2023/10/06 00:58:36.728571 [INFO] Running command /bin/sh -c systemctl is-enabled aws-eb.target
2023/10/06 00:58:36.737951 [INFO] Running command /bin/sh -c systemctl enable aws-eb.target
2023/10/06 00:58:37.050326 [INFO] Running command /bin/sh -c systemctl start aws-eb.target
2023/10/06 00:58:37.059565 [INFO] Running command /bin/sh -c systemctl enable healthd.service
2023/10/06 00:58:37.374808 [INFO] Created symlink /etc/systemd/system/multi-user.target.wants/healthd.service → /etc/systemd/system/healthd.service.

2023/10/06 00:58:37.374841 [INFO] Running command /bin/sh -c systemctl show -p PartOf healthd.service
2023/10/06 00:58:37.386330 [INFO] Running command /bin/sh -c systemctl is-active healthd.service
2023/10/06 00:58:37.394078 [INFO] Running command /bin/sh -c systemctl start healthd.service
2023/10/06 00:58:37.498631 [INFO] Copying file /opt/elasticbeanstalk/config/private/healthd/healthd_logformat.conf to /var/proxy/staging/nginx/conf.d/healthd_logformat.conf
2023/10/06 00:58:37.502064 [INFO] Copying file /opt/elasticbeanstalk/config/private/healthd/healthd_nginx.conf to /var/proxy/staging/nginx/conf.d/elasticbeanstalk/healthd.conf
2023/10/06 00:58:37.502961 [INFO] Executing instruction: configure log streaming
2023/10/06 00:58:37.502972 [INFO] log streaming is not enabled
2023/10/06 00:58:37.502975 [INFO] disable log stream
2023/10/06 00:58:37.503001 [INFO] Running command /bin/sh -c systemctl show -p PartOf amazon-cloudwatch-agent.service
2023/10/06 00:58:37.533427 [INFO] Running command /bin/sh -c systemctl stop amazon-cloudwatch-agent.service
2023/10/06 00:58:37.554330 [INFO] Executing instruction: GetToggleForceRotate
2023/10/06 00:58:37.554354 [INFO] Checking if logs need forced rotation
2023/10/06 00:58:37.554373 [INFO] Running command /bin/sh -c /opt/aws/bin/cfn-get-metadata -s arn:aws:cloudformation:us-west-2:623285752572:stack/awseb-e-xwsrdmf62s-stack/23a97c20-63e3-11ee-9695-0a1486d9353d -r AWSEBAutoScalingGroup --region us-west-2
2023/10/06 00:58:38.042429 [INFO] Running command /bin/sh -c /opt/aws/bin/cfn-get-metadata -s arn:aws:cloudformation:us-west-2:623285752572:stack/awseb-e-xwsrdmf62s-stack/23a97c20-63e3-11ee-9695-0a1486d9353d -r AWSEBBeanstalkMetadata --region us-west-2
2023/10/06 00:58:38.532918 [INFO] Generating rsyslog config from Procfile
2023/10/06 00:58:38.534777 [INFO] Running command /bin/sh -c systemctl restart rsyslog.service
2023/10/06 00:58:38.957069 [INFO] Executing instruction: PostBuildEbExtension
2023/10/06 00:58:38.957101 [INFO] Starting executing the config set Infra-EmbeddedPostBuild.
2023/10/06 00:58:38.957117 [INFO] Running command /bin/sh -c /opt/aws/bin/cfn-init -s arn:aws:cloudformation:us-west-2:623285752572:stack/awseb-e-xwsrdmf62s-stack/23a97c20-63e3-11ee-9695-0a1486d9353d -r AWSEBAutoScalingGroup --region us-west-2 --configsets Infra-EmbeddedPostBuild
2023/10/06 00:58:39.361191 [INFO] Finished executing the config set Infra-EmbeddedPostBuild.

2023/10/06 00:58:39.361221 [INFO] Executing instruction: CleanEbExtensions
2023/10/06 00:58:39.361320 [INFO] Cleaned ebextensions subdirectories from app staging directory.
2023/10/06 00:58:39.361323 [INFO] Executing instruction: RunAppDeployPreDeployHooks
2023/10/06 00:58:39.361336 [INFO] Executing platform hooks in .platform/hooks/predeploy/
2023/10/06 00:58:39.361348 [INFO] The dir .platform/hooks/predeploy/ does not exist
2023/10/06 00:58:39.361350 [INFO] Finished running scripts in /var/app/staging/.platform/hooks/predeploy
2023/10/06 00:58:39.361362 [INFO] Executing instruction: stop X-Ray
2023/10/06 00:58:39.361364 [INFO] stop X-Ray ...
2023/10/06 00:58:39.361373 [INFO] Running command /bin/sh -c systemctl show -p PartOf xray.service
2023/10/06 00:58:39.381409 [WARN] stopProcess Warning: process xray is not registered 
2023/10/06 00:58:39.381484 [INFO] Running command /bin/sh -c systemctl stop xray.service
2023/10/06 00:58:39.398034 [INFO] Executing instruction: stop proxy
2023/10/06 00:58:39.398066 [INFO] Running command /bin/sh -c systemctl show -p PartOf httpd.service
2023/10/06 00:58:39.413135 [WARN] deregisterProcess Warning: process httpd is not registered, skipping...

2023/10/06 00:58:39.413161 [INFO] Running command /bin/sh -c systemctl show -p PartOf nginx.service
2023/10/06 00:58:39.426338 [WARN] deregisterProcess Warning: process nginx is not registered, skipping...

2023/10/06 00:58:39.426357 [INFO] Executing instruction: FlipApplication
2023/10/06 00:58:39.426361 [INFO] Fetching environment variables...
2023/10/06 00:58:39.426491 [INFO] Purge old process...
2023/10/06 00:58:39.426506 [INFO] Removing /var/app/current/ if it exists
2023/10/06 00:58:39.426516 [INFO] Renaming /var/app/staging/ to /var/app/current/
2023/10/06 00:58:39.426535 [INFO] Register application processes...
2023/10/06 00:58:39.426538 [INFO] Registering the proc: web

2023/10/06 00:58:39.426550 [INFO] Running command /bin/sh -c systemctl show -p PartOf web.service
2023/10/06 00:58:39.437108 [INFO] Running command /bin/sh -c systemctl daemon-reload
2023/10/06 00:58:39.716843 [INFO] Running command /bin/sh -c systemctl reset-failed
2023/10/06 00:58:39.725351 [INFO] Running command /bin/sh -c systemctl is-enabled eb-app.target
2023/10/06 00:58:39.732883 [INFO] Copying file /opt/elasticbeanstalk/config/private/aws-eb.target to /etc/systemd/system/eb-app.target
2023/10/06 00:58:39.733679 [INFO] Running command /bin/sh -c systemctl enable eb-app.target
2023/10/06 00:58:40.097679 [INFO] Created symlink /etc/systemd/system/multi-user.target.wants/eb-app.target → /etc/systemd/system/eb-app.target.

2023/10/06 00:58:40.097714 [INFO] Running command /bin/sh -c systemctl start eb-app.target
2023/10/06 00:58:40.110910 [INFO] Running command /bin/sh -c systemctl enable web.service
2023/10/06 00:58:40.480111 [INFO] Created symlink /etc/systemd/system/multi-user.target.wants/web.service → /etc/systemd/system/web.service.

2023/10/06 00:58:40.480151 [INFO] Running command /bin/sh -c systemctl show -p PartOf web.service
2023/10/06 00:58:40.491506 [INFO] Running command /bin/sh -c systemctl is-active web.service
2023/10/06 00:58:40.500826 [INFO] Running command /bin/sh -c systemctl start web.service
2023/10/06 00:58:40.581102 [INFO] Executing instruction: start X-Ray
2023/10/06 00:58:40.581139 [INFO] X-Ray is not enabled.
2023/10/06 00:58:40.581147 [INFO] Executing instruction: start proxy with new configuration
2023/10/06 00:58:40.581173 [INFO] Running command /bin/sh -c /usr/sbin/nginx -t -c /var/proxy/staging/nginx/nginx.conf
2023/10/06 00:58:40.628867 [INFO] nginx: [warn] could not build optimal types_hash, you should increase either types_hash_max_size: 1024 or types_hash_bucket_size: 64; ignoring types_hash_bucket_size
nginx: the configuration file /var/proxy/staging/nginx/nginx.conf syntax is ok
nginx: configuration file /var/proxy/staging/nginx/nginx.conf test is successful

2023/10/06 00:58:40.628989 [INFO] Running command /bin/sh -c cp -rp /var/proxy/staging/nginx/* /etc/nginx
2023/10/06 00:58:40.634808 [INFO] Running command /bin/sh -c systemctl show -p PartOf nginx.service
2023/10/06 00:58:40.653596 [INFO] Running command /bin/sh -c systemctl daemon-reload
2023/10/06 00:58:41.058944 [INFO] Running command /bin/sh -c systemctl reset-failed
2023/10/06 00:58:41.072649 [INFO] Running command /bin/sh -c systemctl show -p PartOf nginx.service
2023/10/06 00:58:41.108649 [INFO] Running command /bin/sh -c systemctl is-active nginx.service
2023/10/06 00:58:41.123743 [INFO] Running command /bin/sh -c systemctl start nginx.service
2023/10/06 00:58:41.237385 [INFO] Executing instruction: configureSqsd
2023/10/06 00:58:41.237399 [INFO] This is a web server environment instance, skip configure sqsd daemon ...
2023/10/06 00:58:41.237402 [INFO] Executing instruction: startSqsd
2023/10/06 00:58:41.237404 [INFO] This is a web server environment instance, skip start sqsd daemon ...
2023/10/06 00:58:41.237407 [INFO] Executing instruction: Track pids in healthd
2023/10/06 00:58:41.237410 [INFO] This is an enhanced health env...
2023/10/06 00:58:41.237421 [INFO] Running command /bin/sh -c systemctl show -p ConsistsOf aws-eb.target | cut -d= -f2
2023/10/06 00:58:41.263149 [INFO] nginx.service healthd.service cfn-hup.service

2023/10/06 00:58:41.263217 [INFO] Running command /bin/sh -c systemctl show -p ConsistsOf eb-app.target | cut -d= -f2
2023/10/06 00:58:41.338796 [INFO] web.service

2023/10/06 00:58:41.338884 [WARN] Failed to read file /var/pids/web.pid, retry attempt: 1
2023/10/06 00:58:42.339927 [WARN] Failed to read file /var/pids/web.pid, retry attempt: 2
2023/10/06 00:58:44.340107 [WARN] Failed to read file /var/pids/web.pid, retry attempt: 3
2023/10/06 00:58:47.340287 [WARN] Failed to read file /var/pids/web.pid, retry attempt: 4
2023/10/06 00:58:51.340482 [WARN] Failed to read file /var/pids/web.pid, retry attempt: 5
2023/10/06 00:58:56.340678 [ERROR] update processes [web nginx healthd cfn-hup] pid symlinks failed with error read pid source file /var/pids/web.pid failed with error:open /var/pids/web.pid: no such file or directory
2023/10/06 00:58:56.340717 [ERROR] An error occurred during execution of command [app-deploy] - [Track pids in healthd]. Stop running the command. Error: update processes [web nginx healthd cfn-hup] pid symlinks failed with error read pid source file /var/pids/web.pid failed with error:open /var/pids/web.pid: no such file or directory 

2023/10/06 00:58:56.340721 [INFO] Executing cleanup logic
2023/10/06 00:58:56.340831 [INFO] CommandService Response: {"status":"FAILURE","api_version":"1.0","results":[{"status":"FAILURE","msg":"Engine execution has encountered an error.","returncode":1,"events":[{"msg":"Instance deployment successfully generated a 'Procfile'.","timestamp":1696553916421,"severity":"INFO"},{"msg":"Instance deployment failed. For details, see 'eb-engine.log'.","timestamp":1696553936340,"severity":"ERROR"}]}]}

2023/10/06 00:58:56.341032 [INFO] Platform Engine finished execution on command: app-deploy

2023/10/06 01:01:44.323770 [INFO] Starting...
2023/10/06 01:01:44.323830 [INFO] Starting EBPlatform-PlatformEngine
2023/10/06 01:01:44.323851 [INFO] reading event message file
2023/10/06 01:01:44.324007 [INFO] Engine received EB command cfn-hup-exec

2023/10/06 01:01:44.400749 [INFO] Running command /bin/sh -c /opt/aws/bin/cfn-get-metadata -s arn:aws:cloudformation:us-west-2:623285752572:stack/awseb-e-xwsrdmf62s-stack/23a97c20-63e3-11ee-9695-0a1486d9353d -r AWSEBAutoScalingGroup --region us-west-2
2023/10/06 01:01:44.796272 [INFO] Running command /bin/sh -c /opt/aws/bin/cfn-get-metadata -s arn:aws:cloudformation:us-west-2:623285752572:stack/awseb-e-xwsrdmf62s-stack/23a97c20-63e3-11ee-9695-0a1486d9353d -r AWSEBBeanstalkMetadata --region us-west-2
2023/10/06 01:01:45.159597 [INFO] checking whether command bundle-log is applicable to this instance...
2023/10/06 01:01:45.159609 [INFO] this command is applicable to the instance, thus instance should execute command
2023/10/06 01:01:45.159612 [INFO] Engine command: (bundle-log)

2023/10/06 01:01:45.159665 [INFO] Executing instruction: GetBundleLogs
2023/10/06 01:01:45.159668 [INFO] Bundle Logs...
