Oct  6 00:58:40 ip-172-31-37-217 web[2019]: [2023-10-06 00:58:40 +0000] [2019] [INFO] Starting gunicorn 21.2.0
Oct  6 00:58:40 ip-172-31-37-217 web[2019]: [2023-10-06 00:58:40 +0000] [2019] [INFO] Listening at: http://127.0.0.1:8000 (2019)
Oct  6 00:58:40 ip-172-31-37-217 web[2019]: [2023-10-06 00:58:40 +0000] [2019] [INFO] Using worker: gthread
Oct  6 00:58:40 ip-172-31-37-217 web[2049]: [2023-10-06 00:58:40 +0000] [2049] [INFO] Booting worker with pid: 2049
Oct  6 00:58:41 ip-172-31-37-217 web[2049]: [2023-10-06 00:58:40 +0000] [2049] [ERROR] Exception in worker process
Oct  6 00:58:41 ip-172-31-37-217 web[2049]: Traceback (most recent call last):
Oct  6 00:58:41 ip-172-31-37-217 web[2049]:  File "/var/app/venv/staging-LQM1lest/lib64/python3.11/site-packages/gunicorn/arbiter.py", line 609, in spawn_worker
Oct  6 00:58:41 ip-172-31-37-217 web[2049]:    worker.init_process()
Oct  6 00:58:41 ip-172-31-37-217 web[2049]:  File "/var/app/venv/staging-LQM1lest/lib64/python3.11/site-packages/gunicorn/workers/gthread.py", line 95, in init_process
Oct  6 00:58:41 ip-172-31-37-217 web[2049]:    super().init_process()
Oct  6 00:58:41 ip-172-31-37-217 web[2049]:  File "/var/app/venv/staging-LQM1lest/lib64/python3.11/site-packages/gunicorn/workers/base.py", line 134, in init_process
Oct  6 00:58:41 ip-172-31-37-217 web[2049]:    self.load_wsgi()
Oct  6 00:58:41 ip-172-31-37-217 web[2049]:  File "/var/app/venv/staging-LQM1lest/lib64/python3.11/site-packages/gunicorn/workers/base.py", line 146, in load_wsgi
Oct  6 00:58:41 ip-172-31-37-217 web[2049]:    self.wsgi = self.app.wsgi()
Oct  6 00:58:41 ip-172-31-37-217 web[2049]:                ^^^^^^^^^^^^^^^
Oct  6 00:58:41 ip-172-31-37-217 web[2049]:  File "/var/app/venv/staging-LQM1lest/lib64/python3.11/site-packages/gunicorn/app/base.py", line 67, in wsgi
Oct  6 00:58:41 ip-172-31-37-217 web[2049]:    self.callable = self.load()
Oct  6 00:58:41 ip-172-31-37-217 web[2049]:                    ^^^^^^^^^^^
Oct  6 00:58:41 ip-172-31-37-217 web[2049]:  File "/var/app/venv/staging-LQM1lest/lib64/python3.11/site-packages/gunicorn/app/wsgiapp.py", line 58, in load
Oct  6 00:58:41 ip-172-31-37-217 web[2049]:    return self.load_wsgiapp()
Oct  6 00:58:41 ip-172-31-37-217 web[2049]:           ^^^^^^^^^^^^^^^^^^^
Oct  6 00:58:41 ip-172-31-37-217 web[2049]:  File "/var/app/venv/staging-LQM1lest/lib64/python3.11/site-packages/gunicorn/app/wsgiapp.py", line 48, in load_wsgiapp
Oct  6 00:58:41 ip-172-31-37-217 web[2049]:    return util.import_app(self.app_uri)
Oct  6 00:58:41 ip-172-31-37-217 web[2049]:           ^^^^^^^^^^^^^^^^^^^^^^^^^^^^^
Oct  6 00:58:41 ip-172-31-37-217 web[2049]:  File "/var/app/venv/staging-LQM1lest/lib64/python3.11/site-packages/gunicorn/util.py", line 371, in import_app
Oct  6 00:58:41 ip-172-31-37-217 web[2049]:    mod = importlib.import_module(module)
Oct  6 00:58:41 ip-172-31-37-217 web[2049]:          ^^^^^^^^^^^^^^^^^^^^^^^^^^^^^^^
Oct  6 00:58:41 ip-172-31-37-217 web[2049]:  File "/usr/lib64/python3.11/importlib/__init__.py", line 126, in import_module
Oct  6 00:58:41 ip-172-31-37-217 web[2049]:    return _bootstrap._gcd_import(name[level:], package, level)
Oct  6 00:58:41 ip-172-31-37-217 web[2049]:           ^^^^^^^^^^^^^^^^^^^^^^^^^^^^^^^^^^^^^^^^^^^^^^^^^^^^
Oct  6 00:58:41 ip-172-31-37-217 web[2049]:  File "<frozen importlib._bootstrap>", line 1206, in _gcd_import
Oct  6 00:58:41 ip-172-31-37-217 web[2049]:  File "<frozen importlib._bootstrap>", line 1178, in _find_and_load
Oct  6 00:58:41 ip-172-31-37-217 web[2049]:  File "<frozen importlib._bootstrap>", line 1149, in _find_and_load_unlocked
Oct  6 00:58:41 ip-172-31-37-217 web[2049]:  File "<frozen importlib._bootstrap>", line 690, in _load_unlocked
Oct  6 00:58:41 ip-172-31-37-217 web[2049]:  File "<frozen importlib._bootstrap_external>", line 940, in exec_module
Oct  6 00:58:41 ip-172-31-37-217 web[2049]:  File "<frozen importlib._bootstrap>", line 241, in _call_with_frames_removed
Oct  6 00:58:41 ip-172-31-37-217 web[2049]:  File "/var/app/current/CheerUp/wsgi.py", line 12, in <module>
Oct  6 00:58:41 ip-172-31-37-217 web[2049]:    from django.core.wsgi import get_wsgi_application
Oct  6 00:58:41 ip-172-31-37-217 web[2049]: ModuleNotFoundError: No module named 'django'
Oct  6 00:58:41 ip-172-31-37-217 web[2049]: [2023-10-06 00:58:41 +0000] [2049] [INFO] Worker exiting (pid: 2049)
Oct  6 00:58:41 ip-172-31-37-217 web[2019]: [2023-10-06 00:58:41 +0000] [2019] [ERROR] Worker (pid:2049) exited with code 3
Oct  6 00:58:41 ip-172-31-37-217 web[2019]: [2023-10-06 00:58:41 +0000] [2019] [ERROR] Shutting down: Master
Oct  6 00:58:41 ip-172-31-37-217 web[2019]: [2023-10-06 00:58:41 +0000] [2019] [ERROR] Reason: Worker failed to boot.
Oct  6 00:58:41 ip-172-31-37-217 web[2070]: [2023-10-06 00:58:41 +0000] [2070] [INFO] Starting gunicorn 21.2.0
Oct  6 00:58:41 ip-172-31-37-217 web[2070]: [2023-10-06 00:58:41 +0000] [2070] [INFO] Listening at: http://127.0.0.1:8000 (2070)
Oct  6 00:58:41 ip-172-31-37-217 web[2070]: [2023-10-06 00:58:41 +0000] [2070] [INFO] Using worker: gthread
Oct  6 00:58:41 ip-172-31-37-217 web[2074]: [2023-10-06 00:58:41 +0000] [2074] [INFO] Booting worker with pid: 2074
Oct  6 00:58:41 ip-172-31-37-217 web[2074]: [2023-10-06 00:58:41 +0000] [2074] [ERROR] Exception in worker process
Oct  6 00:58:41 ip-172-31-37-217 web[2074]: Traceback (most recent call last):
Oct  6 00:58:41 ip-172-31-37-217 web[2074]:  File "/var/app/venv/staging-LQM1lest/lib64/python3.11/site-packages/gunicorn/arbiter.py", line 609, in spawn_worker
Oct  6 00:58:41 ip-172-31-37-217 web[2074]:    worker.init_process()
Oct  6 00:58:41 ip-172-31-37-217 web[2074]:  File "/var/app/venv/staging-LQM1lest/lib64/python3.11/site-packages/gunicorn/workers/gthread.py", line 95, in init_process
Oct  6 00:58:41 ip-172-31-37-217 web[2074]:    super().init_process()
Oct  6 00:58:41 ip-172-31-37-217 web[2074]:  File "/var/app/venv/staging-LQM1lest/lib64/python3.11/site-packages/gunicorn/workers/base.py", line 134, in init_process
Oct  6 00:58:41 ip-172-31-37-217 web[2074]:    self.load_wsgi()
Oct  6 00:58:41 ip-172-31-37-217 web[2074]:  File "/var/app/venv/staging-LQM1lest/lib64/python3.11/site-packages/gunicorn/workers/base.py", line 146, in load_wsgi
Oct  6 00:58:41 ip-172-31-37-217 web[2074]:    self.wsgi = self.app.wsgi()
Oct  6 00:58:41 ip-172-31-37-217 web[2074]:                ^^^^^^^^^^^^^^^
Oct  6 00:58:41 ip-172-31-37-217 web[2074]:  File "/var/app/venv/staging-LQM1lest/lib64/python3.11/site-packages/gunicorn/app/base.py", line 67, in wsgi
Oct  6 00:58:41 ip-172-31-37-217 web[2074]:    self.callable = self.load()
Oct  6 00:58:41 ip-172-31-37-217 web[2074]:                    ^^^^^^^^^^^
Oct  6 00:58:41 ip-172-31-37-217 web[2074]:  File "/var/app/venv/staging-LQM1lest/lib64/python3.11/site-packages/gunicorn/app/wsgiapp.py", line 58, in load
Oct  6 00:58:41 ip-172-31-37-217 web[2074]:    return self.load_wsgiapp()
Oct  6 00:58:41 ip-172-31-37-217 web[2074]:           ^^^^^^^^^^^^^^^^^^^
Oct  6 00:58:41 ip-172-31-37-217 web[2074]:  File "/var/app/venv/staging-LQM1lest/lib64/python3.11/site-packages/gunicorn/app/wsgiapp.py", line 48, in load_wsgiapp
Oct  6 00:58:41 ip-172-31-37-217 web[2074]:    return util.import_app(self.app_uri)
Oct  6 00:58:41 ip-172-31-37-217 web[2074]:           ^^^^^^^^^^^^^^^^^^^^^^^^^^^^^
Oct  6 00:58:41 ip-172-31-37-217 web[2074]:  File "/var/app/venv/staging-LQM1lest/lib64/python3.11/site-packages/gunicorn/util.py", line 371, in import_app
Oct  6 00:58:41 ip-172-31-37-217 web[2074]:    mod = importlib.import_module(module)
Oct  6 00:58:41 ip-172-31-37-217 web[2074]:          ^^^^^^^^^^^^^^^^^^^^^^^^^^^^^^^
Oct  6 00:58:41 ip-172-31-37-217 web[2074]:  File "/usr/lib64/python3.11/importlib/__init__.py", line 126, in import_module
Oct  6 00:58:41 ip-172-31-37-217 web[2074]:    return _bootstrap._gcd_import(name[level:], package, level)
Oct  6 00:58:41 ip-172-31-37-217 web[2074]:           ^^^^^^^^^^^^^^^^^^^^^^^^^^^^^^^^^^^^^^^^^^^^^^^^^^^^
Oct  6 00:58:41 ip-172-31-37-217 web[2074]:  File "<frozen importlib._bootstrap>", line 1206, in _gcd_import
Oct  6 00:58:41 ip-172-31-37-217 web[2074]:  File "<frozen importlib._bootstrap>", line 1178, in _find_and_load
Oct  6 00:58:41 ip-172-31-37-217 web[2074]:  File "<frozen importlib._bootstrap>", line 1149, in _find_and_load_unlocked
Oct  6 00:58:41 ip-172-31-37-217 web[2074]:  File "<frozen importlib._bootstrap>", line 690, in _load_unlocked
Oct  6 00:58:41 ip-172-31-37-217 web[2074]:  File "<frozen importlib._bootstrap_external>", line 940, in exec_module
Oct  6 00:58:41 ip-172-31-37-217 web[2074]:  File "<frozen importlib._bootstrap>", line 241, in _call_with_frames_removed
Oct  6 00:58:41 ip-172-31-37-217 web[2074]:  File "/var/app/current/CheerUp/wsgi.py", line 12, in <module>
Oct  6 00:58:41 ip-172-31-37-217 web[2074]:    from django.core.wsgi import get_wsgi_application
Oct  6 00:58:41 ip-172-31-37-217 web[2074]: ModuleNotFoundError: No module named 'django'
Oct  6 00:58:41 ip-172-31-37-217 web[2074]: [2023-10-06 00:58:41 +0000] [2074] [INFO] Worker exiting (pid: 2074)
Oct  6 00:58:41 ip-172-31-37-217 web[2070]: [2023-10-06 00:58:41 +0000] [2070] [ERROR] Worker (pid:2074) exited with code 3
Oct  6 00:58:41 ip-172-31-37-217 web[2070]: [2023-10-06 00:58:41 +0000] [2070] [ERROR] Shutting down: Master
Oct  6 00:58:41 ip-172-31-37-217 web[2070]: [2023-10-06 00:58:41 +0000] [2070] [ERROR] Reason: Worker failed to boot.
Oct  6 00:58:42 ip-172-31-37-217 web[2076]: [2023-10-06 00:58:42 +0000] [2076] [INFO] Starting gunicorn 21.2.0
Oct  6 00:58:42 ip-172-31-37-217 web[2076]: [2023-10-06 00:58:42 +0000] [2076] [INFO] Listening at: http://127.0.0.1:8000 (2076)
Oct  6 00:58:42 ip-172-31-37-217 web[2076]: [2023-10-06 00:58:42 +0000] [2076] [INFO] Using worker: gthread
Oct  6 00:58:42 ip-172-31-37-217 web[2080]: [2023-10-06 00:58:42 +0000] [2080] [INFO] Booting worker with pid: 2080
Oct  6 00:58:42 ip-172-31-37-217 web[2080]: [2023-10-06 00:58:42 +0000] [2080] [ERROR] Exception in worker process
Oct  6 00:58:42 ip-172-31-37-217 web[2080]: Traceback (most recent call last):
Oct  6 00:58:42 ip-172-31-37-217 web[2080]:  File "/var/app/venv/staging-LQM1lest/lib64/python3.11/site-packages/gunicorn/arbiter.py", line 609, in spawn_worker
Oct  6 00:58:42 ip-172-31-37-217 web[2080]:    worker.init_process()
Oct  6 00:58:42 ip-172-31-37-217 web[2080]:  File "/var/app/venv/staging-LQM1lest/lib64/python3.11/site-packages/gunicorn/workers/gthread.py", line 95, in init_process
Oct  6 00:58:42 ip-172-31-37-217 web[2080]:    super().init_process()
Oct  6 00:58:42 ip-172-31-37-217 web[2080]:  File "/var/app/venv/staging-LQM1lest/lib64/python3.11/site-packages/gunicorn/workers/base.py", line 134, in init_process
Oct  6 00:58:42 ip-172-31-37-217 web[2080]:    self.load_wsgi()
Oct  6 00:58:42 ip-172-31-37-217 web[2080]:  File "/var/app/venv/staging-LQM1lest/lib64/python3.11/site-packages/gunicorn/workers/base.py", line 146, in load_wsgi
Oct  6 00:58:42 ip-172-31-37-217 web[2080]:    self.wsgi = self.app.wsgi()
Oct  6 00:58:42 ip-172-31-37-217 web[2080]:                ^^^^^^^^^^^^^^^
Oct  6 00:58:42 ip-172-31-37-217 web[2080]:  File "/var/app/venv/staging-LQM1lest/lib64/python3.11/site-packages/gunicorn/app/base.py", line 67, in wsgi
Oct  6 00:58:42 ip-172-31-37-217 web[2080]:    self.callable = self.load()
Oct  6 00:58:42 ip-172-31-37-217 web[2080]:                    ^^^^^^^^^^^
Oct  6 00:58:42 ip-172-31-37-217 web[2080]:  File "/var/app/venv/staging-LQM1lest/lib64/python3.11/site-packages/gunicorn/app/wsgiapp.py", line 58, in load
Oct  6 00:58:42 ip-172-31-37-217 web[2080]:    return self.load_wsgiapp()
Oct  6 00:58:42 ip-172-31-37-217 web[2080]:           ^^^^^^^^^^^^^^^^^^^
Oct  6 00:58:42 ip-172-31-37-217 web[2080]:  File "/var/app/venv/staging-LQM1lest/lib64/python3.11/site-packages/gunicorn/app/wsgiapp.py", line 48, in load_wsgiapp
Oct  6 00:58:42 ip-172-31-37-217 web[2080]:    return util.import_app(self.app_uri)
Oct  6 00:58:42 ip-172-31-37-217 web[2080]:           ^^^^^^^^^^^^^^^^^^^^^^^^^^^^^
Oct  6 00:58:42 ip-172-31-37-217 web[2080]:  File "/var/app/venv/staging-LQM1lest/lib64/python3.11/site-packages/gunicorn/util.py", line 371, in import_app
Oct  6 00:58:42 ip-172-31-37-217 web[2080]:    mod = importlib.import_module(module)
Oct  6 00:58:42 ip-172-31-37-217 web[2080]:          ^^^^^^^^^^^^^^^^^^^^^^^^^^^^^^^
Oct  6 00:58:42 ip-172-31-37-217 web[2080]:  File "/usr/lib64/python3.11/importlib/__init__.py", line 126, in import_module
Oct  6 00:58:42 ip-172-31-37-217 web[2080]:    return _bootstrap._gcd_import(name[level:], package, level)
Oct  6 00:58:42 ip-172-31-37-217 web[2080]:           ^^^^^^^^^^^^^^^^^^^^^^^^^^^^^^^^^^^^^^^^^^^^^^^^^^^^
Oct  6 00:58:42 ip-172-31-37-217 web[2080]:  File "<frozen importlib._bootstrap>", line 1206, in _gcd_import
Oct  6 00:58:42 ip-172-31-37-217 web[2080]:  File "<frozen importlib._bootstrap>", line 1178, in _find_and_load
Oct  6 00:58:42 ip-172-31-37-217 web[2080]:  File "<frozen importlib._bootstrap>", line 1149, in _find_and_load_unlocked
Oct  6 00:58:42 ip-172-31-37-217 web[2080]:  File "<frozen importlib._bootstrap>", line 690, in _load_unlocked
Oct  6 00:58:42 ip-172-31-37-217 web[2080]:  File "<frozen importlib._bootstrap_external>", line 940, in exec_module
Oct  6 00:58:42 ip-172-31-37-217 web[2080]:  File "<frozen importlib._bootstrap>", line 241, in _call_with_frames_removed
Oct  6 00:58:42 ip-172-31-37-217 web[2080]:  File "/var/app/current/CheerUp/wsgi.py", line 12, in <module>
Oct  6 00:58:42 ip-172-31-37-217 web[2080]:    from django.core.wsgi import get_wsgi_application
Oct  6 00:58:42 ip-172-31-37-217 web[2080]: ModuleNotFoundError: No module named 'django'
Oct  6 00:58:42 ip-172-31-37-217 web[2080]: [2023-10-06 00:58:42 +0000] [2080] [INFO] Worker exiting (pid: 2080)
Oct  6 00:58:42 ip-172-31-37-217 web[2076]: [2023-10-06 00:58:42 +0000] [2076] [ERROR] Worker (pid:2080) exited with code 3
Oct  6 00:58:42 ip-172-31-37-217 web[2076]: [2023-10-06 00:58:42 +0000] [2076] [ERROR] Shutting down: Master
Oct  6 00:58:42 ip-172-31-37-217 web[2076]: [2023-10-06 00:58:42 +0000] [2076] [ERROR] Reason: Worker failed to boot.
Oct  6 00:58:42 ip-172-31-37-217 web[2082]: [2023-10-06 00:58:42 +0000] [2082] [INFO] Starting gunicorn 21.2.0
Oct  6 00:58:42 ip-172-31-37-217 web[2082]: [2023-10-06 00:58:42 +0000] [2082] [INFO] Listening at: http://127.0.0.1:8000 (2082)
Oct  6 00:58:42 ip-172-31-37-217 web[2082]: [2023-10-06 00:58:42 +0000] [2082] [INFO] Using worker: gthread
Oct  6 00:58:42 ip-172-31-37-217 web[2086]: [2023-10-06 00:58:42 +0000] [2086] [INFO] Booting worker with pid: 2086
Oct  6 00:58:42 ip-172-31-37-217 web[2086]: [2023-10-06 00:58:42 +0000] [2086] [ERROR] Exception in worker process
Oct  6 00:58:42 ip-172-31-37-217 web[2086]: Traceback (most recent call last):
Oct  6 00:58:42 ip-172-31-37-217 web[2086]:  File "/var/app/venv/staging-LQM1lest/lib64/python3.11/site-packages/gunicorn/arbiter.py", line 609, in spawn_worker
Oct  6 00:58:42 ip-172-31-37-217 web[2086]:    worker.init_process()
Oct  6 00:58:42 ip-172-31-37-217 web[2086]:  File "/var/app/venv/staging-LQM1lest/lib64/python3.11/site-packages/gunicorn/workers/gthread.py", line 95, in init_process
Oct  6 00:58:42 ip-172-31-37-217 web[2086]:    super().init_process()
Oct  6 00:58:42 ip-172-31-37-217 web[2086]:  File "/var/app/venv/staging-LQM1lest/lib64/python3.11/site-packages/gunicorn/workers/base.py", line 134, in init_process
Oct  6 00:58:42 ip-172-31-37-217 web[2086]:    self.load_wsgi()
Oct  6 00:58:42 ip-172-31-37-217 web[2086]:  File "/var/app/venv/staging-LQM1lest/lib64/python3.11/site-packages/gunicorn/workers/base.py", line 146, in load_wsgi
Oct  6 00:58:42 ip-172-31-37-217 web[2086]:    self.wsgi = self.app.wsgi()
Oct  6 00:58:42 ip-172-31-37-217 web[2086]:                ^^^^^^^^^^^^^^^
Oct  6 00:58:42 ip-172-31-37-217 web[2086]:  File "/var/app/venv/staging-LQM1lest/lib64/python3.11/site-packages/gunicorn/app/base.py", line 67, in wsgi
Oct  6 00:58:42 ip-172-31-37-217 web[2086]:    self.callable = self.load()
Oct  6 00:58:42 ip-172-31-37-217 web[2086]:                    ^^^^^^^^^^^
Oct  6 00:58:42 ip-172-31-37-217 web[2086]:  File "/var/app/venv/staging-LQM1lest/lib64/python3.11/site-packages/gunicorn/app/wsgiapp.py", line 58, in load
Oct  6 00:58:42 ip-172-31-37-217 web[2086]:    return self.load_wsgiapp()
Oct  6 00:58:42 ip-172-31-37-217 web[2086]:           ^^^^^^^^^^^^^^^^^^^
Oct  6 00:58:42 ip-172-31-37-217 web[2086]:  File "/var/app/venv/staging-LQM1lest/lib64/python3.11/site-packages/gunicorn/app/wsgiapp.py", line 48, in load_wsgiapp
Oct  6 00:58:42 ip-172-31-37-217 web[2086]:    return util.import_app(self.app_uri)
Oct  6 00:58:42 ip-172-31-37-217 web[2086]:           ^^^^^^^^^^^^^^^^^^^^^^^^^^^^^
Oct  6 00:58:42 ip-172-31-37-217 web[2086]:  File "/var/app/venv/staging-LQM1lest/lib64/python3.11/site-packages/gunicorn/util.py", line 371, in import_app
Oct  6 00:58:42 ip-172-31-37-217 web[2086]:    mod = importlib.import_module(module)
Oct  6 00:58:42 ip-172-31-37-217 web[2086]:          ^^^^^^^^^^^^^^^^^^^^^^^^^^^^^^^
Oct  6 00:58:42 ip-172-31-37-217 web[2086]:  File "/usr/lib64/python3.11/importlib/__init__.py", line 126, in import_module
Oct  6 00:58:42 ip-172-31-37-217 web[2086]:    return _bootstrap._gcd_import(name[level:], package, level)
Oct  6 00:58:42 ip-172-31-37-217 web[2086]:           ^^^^^^^^^^^^^^^^^^^^^^^^^^^^^^^^^^^^^^^^^^^^^^^^^^^^
Oct  6 00:58:42 ip-172-31-37-217 web[2086]:  File "<frozen importlib._bootstrap>", line 1206, in _gcd_import
Oct  6 00:58:42 ip-172-31-37-217 web[2086]:  File "<frozen importlib._bootstrap>", line 1178, in _find_and_load
Oct  6 00:58:42 ip-172-31-37-217 web[2086]:  File "<frozen importlib._bootstrap>", line 1149, in _find_and_load_unlocked
Oct  6 00:58:42 ip-172-31-37-217 web[2086]:  File "<frozen importlib._bootstrap>", line 690, in _load_unlocked
Oct  6 00:58:42 ip-172-31-37-217 web[2086]:  File "<frozen importlib._bootstrap_external>", line 940, in exec_module
Oct  6 00:58:42 ip-172-31-37-217 web[2086]:  File "<frozen importlib._bootstrap>", line 241, in _call_with_frames_removed
Oct  6 00:58:42 ip-172-31-37-217 web[2086]:  File "/var/app/current/CheerUp/wsgi.py", line 12, in <module>
Oct  6 00:58:42 ip-172-31-37-217 web[2086]:    from django.core.wsgi import get_wsgi_application
Oct  6 00:58:42 ip-172-31-37-217 web[2086]: ModuleNotFoundError: No module named 'django'
Oct  6 00:58:42 ip-172-31-37-217 web[2086]: [2023-10-06 00:58:42 +0000] [2086] [INFO] Worker exiting (pid: 2086)
Oct  6 00:58:42 ip-172-31-37-217 web[2082]: [2023-10-06 00:58:42 +0000] [2082] [ERROR] Worker (pid:2086) exited with code 3
Oct  6 00:58:42 ip-172-31-37-217 web[2082]: [2023-10-06 00:58:42 +0000] [2082] [ERROR] Shutting down: Master
Oct  6 00:58:42 ip-172-31-37-217 web[2082]: [2023-10-06 00:58:42 +0000] [2082] [ERROR] Reason: Worker failed to boot.
Oct  6 00:58:43 ip-172-31-37-217 web[2088]: [2023-10-06 00:58:43 +0000] [2088] [INFO] Starting gunicorn 21.2.0
Oct  6 00:58:43 ip-172-31-37-217 web[2088]: [2023-10-06 00:58:43 +0000] [2088] [INFO] Listening at: http://127.0.0.1:8000 (2088)
Oct  6 00:58:43 ip-172-31-37-217 web[2088]: [2023-10-06 00:58:43 +0000] [2088] [INFO] Using worker: gthread
Oct  6 00:58:43 ip-172-31-37-217 web[2092]: [2023-10-06 00:58:43 +0000] [2092] [INFO] Booting worker with pid: 2092
Oct  6 00:58:43 ip-172-31-37-217 web[2092]: [2023-10-06 00:58:43 +0000] [2092] [ERROR] Exception in worker process
Oct  6 00:58:43 ip-172-31-37-217 web[2092]: Traceback (most recent call last):
Oct  6 00:58:43 ip-172-31-37-217 web[2092]:  File "/var/app/venv/staging-LQM1lest/lib64/python3.11/site-packages/gunicorn/arbiter.py", line 609, in spawn_worker
Oct  6 00:58:43 ip-172-31-37-217 web[2092]:    worker.init_process()
Oct  6 00:58:43 ip-172-31-37-217 web[2092]:  File "/var/app/venv/staging-LQM1lest/lib64/python3.11/site-packages/gunicorn/workers/gthread.py", line 95, in init_process
Oct  6 00:58:43 ip-172-31-37-217 web[2092]:    super().init_process()
Oct  6 00:58:43 ip-172-31-37-217 web[2092]:  File "/var/app/venv/staging-LQM1lest/lib64/python3.11/site-packages/gunicorn/workers/base.py", line 134, in init_process
Oct  6 00:58:43 ip-172-31-37-217 web[2092]:    self.load_wsgi()
Oct  6 00:58:43 ip-172-31-37-217 web[2092]:  File "/var/app/venv/staging-LQM1lest/lib64/python3.11/site-packages/gunicorn/workers/base.py", line 146, in load_wsgi
Oct  6 00:58:43 ip-172-31-37-217 web[2092]:    self.wsgi = self.app.wsgi()
Oct  6 00:58:43 ip-172-31-37-217 web[2092]:                ^^^^^^^^^^^^^^^
Oct  6 00:58:43 ip-172-31-37-217 web[2092]:  File "/var/app/venv/staging-LQM1lest/lib64/python3.11/site-packages/gunicorn/app/base.py", line 67, in wsgi
Oct  6 00:58:43 ip-172-31-37-217 web[2092]:    self.callable = self.load()
Oct  6 00:58:43 ip-172-31-37-217 web[2092]:                    ^^^^^^^^^^^
Oct  6 00:58:43 ip-172-31-37-217 web[2092]:  File "/var/app/venv/staging-LQM1lest/lib64/python3.11/site-packages/gunicorn/app/wsgiapp.py", line 58, in load
Oct  6 00:58:43 ip-172-31-37-217 web[2092]:    return self.load_wsgiapp()
Oct  6 00:58:43 ip-172-31-37-217 web[2092]:           ^^^^^^^^^^^^^^^^^^^
Oct  6 00:58:43 ip-172-31-37-217 web[2092]:  File "/var/app/venv/staging-LQM1lest/lib64/python3.11/site-packages/gunicorn/app/wsgiapp.py", line 48, in load_wsgiapp
Oct  6 00:58:43 ip-172-31-37-217 web[2092]:    return util.import_app(self.app_uri)
Oct  6 00:58:43 ip-172-31-37-217 web[2092]:           ^^^^^^^^^^^^^^^^^^^^^^^^^^^^^
Oct  6 00:58:43 ip-172-31-37-217 web[2092]:  File "/var/app/venv/staging-LQM1lest/lib64/python3.11/site-packages/gunicorn/util.py", line 371, in import_app
Oct  6 00:58:43 ip-172-31-37-217 web[2092]:    mod = importlib.import_module(module)
Oct  6 00:58:43 ip-172-31-37-217 web[2092]:          ^^^^^^^^^^^^^^^^^^^^^^^^^^^^^^^
Oct  6 00:58:43 ip-172-31-37-217 web[2092]:  File "/usr/lib64/python3.11/importlib/__init__.py", line 126, in import_module
Oct  6 00:58:43 ip-172-31-37-217 web[2092]:    return _bootstrap._gcd_import(name[level:], package, level)
Oct  6 00:58:43 ip-172-31-37-217 web[2092]:           ^^^^^^^^^^^^^^^^^^^^^^^^^^^^^^^^^^^^^^^^^^^^^^^^^^^^
Oct  6 00:58:43 ip-172-31-37-217 web[2092]:  File "<frozen importlib._bootstrap>", line 1206, in _gcd_import
Oct  6 00:58:43 ip-172-31-37-217 web[2092]:  File "<frozen importlib._bootstrap>", line 1178, in _find_and_load
Oct  6 00:58:43 ip-172-31-37-217 web[2092]:  File "<frozen importlib._bootstrap>", line 1149, in _find_and_load_unlocked
Oct  6 00:58:43 ip-172-31-37-217 web[2092]:  File "<frozen importlib._bootstrap>", line 690, in _load_unlocked
Oct  6 00:58:43 ip-172-31-37-217 web[2092]:  File "<frozen importlib._bootstrap_external>", line 940, in exec_module
Oct  6 00:58:43 ip-172-31-37-217 web[2092]:  File "<frozen importlib._bootstrap>", line 241, in _call_with_frames_removed
Oct  6 00:58:43 ip-172-31-37-217 web[2092]:  File "/var/app/current/CheerUp/wsgi.py", line 12, in <module>
Oct  6 00:58:43 ip-172-31-37-217 web[2092]:    from django.core.wsgi import get_wsgi_application
Oct  6 00:58:43 ip-172-31-37-217 web[2092]: ModuleNotFoundError: No module named 'django'
Oct  6 00:58:43 ip-172-31-37-217 web[2092]: [2023-10-06 00:58:43 +0000] [2092] [INFO] Worker exiting (pid: 2092)
Oct  6 00:58:43 ip-172-31-37-217 web[2088]: [2023-10-06 00:58:43 +0000] [2088] [ERROR] Worker (pid:2092) exited with code 3
Oct  6 00:58:43 ip-172-31-37-217 web[2088]: [2023-10-06 00:58:43 +0000] [2088] [ERROR] Shutting down: Master
Oct  6 00:58:43 ip-172-31-37-217 web[2088]: [2023-10-06 00:58:43 +0000] [2088] [ERROR] Reason: Worker failed to boot.
Oct  6 00:58:43 ip-172-31-37-217 web[2094]: [2023-10-06 00:58:43 +0000] [2094] [INFO] Starting gunicorn 21.2.0
Oct  6 00:58:43 ip-172-31-37-217 web[2094]: [2023-10-06 00:58:43 +0000] [2094] [INFO] Listening at: http://127.0.0.1:8000 (2094)
Oct  6 00:58:43 ip-172-31-37-217 web[2094]: [2023-10-06 00:58:43 +0000] [2094] [INFO] Using worker: gthread
Oct  6 00:58:43 ip-172-31-37-217 web[2098]: [2023-10-06 00:58:43 +0000] [2098] [INFO] Booting worker with pid: 2098
Oct  6 00:58:43 ip-172-31-37-217 web[2098]: [2023-10-06 00:58:43 +0000] [2098] [ERROR] Exception in worker process
Oct  6 00:58:43 ip-172-31-37-217 web[2098]: Traceback (most recent call last):
Oct  6 00:58:43 ip-172-31-37-217 web[2098]:  File "/var/app/venv/staging-LQM1lest/lib64/python3.11/site-packages/gunicorn/arbiter.py", line 609, in spawn_worker
Oct  6 00:58:43 ip-172-31-37-217 web[2098]:    worker.init_process()
Oct  6 00:58:43 ip-172-31-37-217 web[2098]:  File "/var/app/venv/staging-LQM1lest/lib64/python3.11/site-packages/gunicorn/workers/gthread.py", line 95, in init_process
Oct  6 00:58:43 ip-172-31-37-217 web[2098]:    super().init_process()
Oct  6 00:58:43 ip-172-31-37-217 web[2098]:  File "/var/app/venv/staging-LQM1lest/lib64/python3.11/site-packages/gunicorn/workers/base.py", line 134, in init_process
Oct  6 00:58:43 ip-172-31-37-217 web[2098]:    self.load_wsgi()
Oct  6 00:58:43 ip-172-31-37-217 web[2098]:  File "/var/app/venv/staging-LQM1lest/lib64/python3.11/site-packages/gunicorn/workers/base.py", line 146, in load_wsgi
Oct  6 00:58:43 ip-172-31-37-217 web[2098]:    self.wsgi = self.app.wsgi()
Oct  6 00:58:43 ip-172-31-37-217 web[2098]:                ^^^^^^^^^^^^^^^
Oct  6 00:58:43 ip-172-31-37-217 web[2098]:  File "/var/app/venv/staging-LQM1lest/lib64/python3.11/site-packages/gunicorn/app/base.py", line 67, in wsgi
Oct  6 00:58:43 ip-172-31-37-217 web[2098]:    self.callable = self.load()
Oct  6 00:58:43 ip-172-31-37-217 web[2098]:                    ^^^^^^^^^^^
Oct  6 00:58:43 ip-172-31-37-217 web[2098]:  File "/var/app/venv/staging-LQM1lest/lib64/python3.11/site-packages/gunicorn/app/wsgiapp.py", line 58, in load
Oct  6 00:58:43 ip-172-31-37-217 web[2098]:    return self.load_wsgiapp()
Oct  6 00:58:43 ip-172-31-37-217 web[2098]:           ^^^^^^^^^^^^^^^^^^^
Oct  6 00:58:43 ip-172-31-37-217 web[2098]:  File "/var/app/venv/staging-LQM1lest/lib64/python3.11/site-packages/gunicorn/app/wsgiapp.py", line 48, in load_wsgiapp
Oct  6 00:58:43 ip-172-31-37-217 web[2098]:    return util.import_app(self.app_uri)
Oct  6 00:58:43 ip-172-31-37-217 web[2098]:           ^^^^^^^^^^^^^^^^^^^^^^^^^^^^^
Oct  6 00:58:43 ip-172-31-37-217 web[2098]:  File "/var/app/venv/staging-LQM1lest/lib64/python3.11/site-packages/gunicorn/util.py", line 371, in import_app
Oct  6 00:58:43 ip-172-31-37-217 web[2098]:    mod = importlib.import_module(module)
Oct  6 00:58:43 ip-172-31-37-217 web[2098]:          ^^^^^^^^^^^^^^^^^^^^^^^^^^^^^^^
Oct  6 00:58:43 ip-172-31-37-217 web[2098]:  File "/usr/lib64/python3.11/importlib/__init__.py", line 126, in import_module
Oct  6 00:58:43 ip-172-31-37-217 web[2098]:    return _bootstrap._gcd_import(name[level:], package, level)
Oct  6 00:58:43 ip-172-31-37-217 web[2098]:           ^^^^^^^^^^^^^^^^^^^^^^^^^^^^^^^^^^^^^^^^^^^^^^^^^^^^
Oct  6 00:58:43 ip-172-31-37-217 web[2098]:  File "<frozen importlib._bootstrap>", line 1206, in _gcd_import
Oct  6 00:58:43 ip-172-31-37-217 web[2098]:  File "<frozen importlib._bootstrap>", line 1178, in _find_and_load
Oct  6 00:58:43 ip-172-31-37-217 web[2098]:  File "<frozen importlib._bootstrap>", line 1149, in _find_and_load_unlocked
Oct  6 00:58:43 ip-172-31-37-217 web[2098]:  File "<frozen importlib._bootstrap>", line 690, in _load_unlocked
Oct  6 00:58:43 ip-172-31-37-217 web[2098]:  File "<frozen importlib._bootstrap_external>", line 940, in exec_module
Oct  6 00:58:43 ip-172-31-37-217 web[2098]:  File "<frozen importlib._bootstrap>", line 241, in _call_with_frames_removed
Oct  6 00:58:43 ip-172-31-37-217 web[2098]:  File "/var/app/current/CheerUp/wsgi.py", line 12, in <module>
Oct  6 00:58:43 ip-172-31-37-217 web[2098]:    from django.core.wsgi import get_wsgi_application
Oct  6 00:58:43 ip-172-31-37-217 web[2098]: ModuleNotFoundError: No module named 'django'
Oct  6 00:58:43 ip-172-31-37-217 web[2098]: [2023-10-06 00:58:43 +0000] [2098] [INFO] Worker exiting (pid: 2098)
Oct  6 00:58:43 ip-172-31-37-217 web[2094]: [2023-10-06 00:58:43 +0000] [2094] [ERROR] Worker (pid:2098) exited with code 3
Oct  6 00:58:43 ip-172-31-37-217 web[2094]: [2023-10-06 00:58:43 +0000] [2094] [ERROR] Shutting down: Master
Oct  6 00:58:43 ip-172-31-37-217 web[2094]: [2023-10-06 00:58:43 +0000] [2094] [ERROR] Reason: Worker failed to boot.
